[debug] [2021-11-06T06:45:54.930Z] ----------------------------------------------------------------------
[debug] [2021-11-06T06:45:54.932Z] Command:       /usr/local/bin/node /usr/local/bin/firebase emulators:start
[debug] [2021-11-06T06:45:54.932Z] CLI Version:   9.21.0
[debug] [2021-11-06T06:45:54.932Z] Platform:      darwin
[debug] [2021-11-06T06:45:54.932Z] Node Version:  v14.15.4
[debug] [2021-11-06T06:45:54.934Z] Time:          Fri Nov 05 2021 23:45:54 GMT-0700 (Pacific Daylight Time)
[debug] [2021-11-06T06:45:54.934Z] ----------------------------------------------------------------------
[debug] 
[debug] [2021-11-06T06:45:54.980Z] > command requires scopes: ["email","openid","https://www.googleapis.com/auth/cloudplatformprojects.readonly","https://www.googleapis.com/auth/firebase","https://www.googleapis.com/auth/cloud-platform"]
[debug] [2021-11-06T06:45:54.980Z] > authorizing via signed-in user (sainiantriksh6@gmail.com)
[info] i  emulators: Starting emulators: functions, hosting {"metadata":{"emulator":{"name":"hub"},"message":"Starting emulators: functions, hosting"}}
[debug] [2021-11-06T06:45:54.997Z] [hub] writing locator at /var/folders/zt/gwmy73xn5jz8l9q2k7gmtjvr0000gn/T/hub-clone-8a5ba.json
[warn] ⚠  functions: The following emulators are not running, calls to these services from the Functions emulator will affect production: auth, firestore, database, pubsub, storage {"metadata":{"emulator":{"name":"functions"},"message":"The following emulators are not running, calls to these services from the Functions emulator will affect production: \u001b[1mauth, firestore, database, pubsub, storage\u001b[22m"}}
[info] ✔  functions: Using node@14 from host. {"metadata":{"emulator":{"name":"functions"},"message":"Using node@14 from host."}}
[debug] [2021-11-06T06:45:55.040Z] defaultcredentials: writing to file /Users/antrix/.config/firebase/sainiantriksh6_gmail_com_application_default_credentials.json
[debug] [2021-11-06T06:45:55.043Z] Setting GAC to /Users/antrix/.config/firebase/sainiantriksh6_gmail_com_application_default_credentials.json {"metadata":{"emulator":{"name":"functions"},"message":"Setting GAC to /Users/antrix/.config/firebase/sainiantriksh6_gmail_com_application_default_credentials.json"}}
[debug] [2021-11-06T06:45:55.045Z] > refreshing access token with scopes: []
[debug] [2021-11-06T06:45:55.045Z] >>> HTTP REQUEST POST https://www.googleapis.com/oauth2/v3/token  
 <request body omitted>
[debug] [2021-11-06T06:45:55.162Z] <<< HTTP RESPONSE 200 {"cache-control":"no-cache, no-store, max-age=0, must-revalidate","pragma":"no-cache","expires":"Mon, 01 Jan 1990 00:00:00 GMT","date":"Sat, 06 Nov 2021 06:45:55 GMT","content-type":"application/json; charset=utf-8","vary":"X-Origin, Referer, Origin,Accept-Encoding","server":"scaffolding on HTTPServer2","x-xss-protection":"0","x-frame-options":"SAMEORIGIN","x-content-type-options":"nosniff","alt-svc":"h3=\":443\"; ma=2592000,h3-29=\":443\"; ma=2592000,h3-Q050=\":443\"; ma=2592000,h3-Q046=\":443\"; ma=2592000,h3-Q043=\":443\"; ma=2592000,quic=\":443\"; ma=2592000; v=\"46,43\"","accept-ranges":"none","transfer-encoding":"chunked"}
[debug] [2021-11-06T06:45:55.224Z] >>> [apiv2][query] GET https://firebase.googleapis.com/v1beta1/projects/clone-8a5ba/adminSdkConfig [none]
[debug] [2021-11-06T06:45:55.439Z] <<< [apiv2][status] GET https://firebase.googleapis.com/v1beta1/projects/clone-8a5ba/adminSdkConfig 200
[debug] [2021-11-06T06:45:55.439Z] <<< [apiv2][body] GET https://firebase.googleapis.com/v1beta1/projects/clone-8a5ba/adminSdkConfig {"projectId":"clone-8a5ba","storageBucket":"clone-8a5ba.appspot.com"}
[debug] [2021-11-06T06:45:55.476Z] >>> [apiv2][query] GET https://firebasehosting.googleapis.com/v1beta1/projects/clone-8a5ba/sites 
[debug] [2021-11-06T06:45:55.930Z] <<< [apiv2][status] GET https://firebasehosting.googleapis.com/v1beta1/projects/clone-8a5ba/sites 200
[debug] [2021-11-06T06:45:55.931Z] <<< [apiv2][body] GET https://firebasehosting.googleapis.com/v1beta1/projects/clone-8a5ba/sites {"sites":[{"name":"projects/765561947188/sites/clone-8a5ba","defaultUrl":"https://clone-8a5ba.web.app","appId":"1:765561947188:web:c3076379612ebaff1c7661","type":"DEFAULT_SITE"}]}
[debug] [2021-11-06T06:45:55.931Z] >>> [apiv2][query] GET https://firebase.googleapis.com/v1beta1/projects/clone-8a5ba/webApps/1:765561947188:web:c3076379612ebaff1c7661/config [none]
[debug] [2021-11-06T06:45:56.758Z] <<< [apiv2][status] GET https://firebase.googleapis.com/v1beta1/projects/clone-8a5ba/webApps/1:765561947188:web:c3076379612ebaff1c7661/config 200
[debug] [2021-11-06T06:45:56.759Z] <<< [apiv2][body] GET https://firebase.googleapis.com/v1beta1/projects/clone-8a5ba/webApps/1:765561947188:web:c3076379612ebaff1c7661/config {"projectId":"clone-8a5ba","appId":"1:765561947188:web:c3076379612ebaff1c7661","storageBucket":"clone-8a5ba.appspot.com","apiKey":"AIzaSyAs6X2cGbpB7PV8jdhbReEorsuBJTehxCY","authDomain":"clone-8a5ba.firebaseapp.com","messagingSenderId":"765561947188","measurementId":"G-VEJNCQ5H23"}
[info] i  hosting: Serving hosting files from: build {"metadata":{"emulator":{"name":"hosting"},"message":"Serving hosting files from: \u001b[1mbuild\u001b[22m"}}
[info] ✔  hosting: Local server: http://localhost:5000 {"metadata":{"emulator":{"name":"hosting"},"message":"Local server: \u001b[4m\u001b[1mhttp://localhost:5000\u001b[22m\u001b[24m"}}
[debug] [2021-11-06T06:45:57.082Z] Ignoring unsupported arg: auto_download {"metadata":{"emulator":{"name":"ui"},"message":"Ignoring unsupported arg: auto_download"}}
[debug] [2021-11-06T06:45:57.083Z] Ignoring unsupported arg: port {"metadata":{"emulator":{"name":"ui"},"message":"Ignoring unsupported arg: port"}}
[debug] [2021-11-06T06:45:57.083Z] Starting Emulator UI with command {"binary":"node","args":["/Users/antrix/.cache/firebase/emulators/ui-v1.6.4/server.bundle.js"],"optionalArgs":[],"joinArgs":false} {"metadata":{"emulator":{"name":"ui"},"message":"Starting Emulator UI with command {\"binary\":\"node\",\"args\":[\"/Users/antrix/.cache/firebase/emulators/ui-v1.6.4/server.bundle.js\"],\"optionalArgs\":[],\"joinArgs\":false}"}}
[info] i  ui: Emulator UI logging to ui-debug.log {"metadata":{"emulator":{"name":"ui"},"message":"Emulator UI logging to \u001b[1mui-debug.log\u001b[22m"}}
[debug] [2021-11-06T06:45:57.179Z] Web / API server started at localhost:4000
 {"metadata":{"emulator":{"name":"ui"},"message":"Web / API server started at localhost:4000\n"}}
[info] i  functions: Watching "/Users/antrix/Documents/Clones/amazon-clone/functions" for Cloud Functions... {"metadata":{"emulator":{"name":"functions"},"message":"Watching \"/Users/antrix/Documents/Clones/amazon-clone/functions\" for Cloud Functions..."}}
[debug] [2021-11-06T06:45:57.363Z] [worker-pool] addWorker(~diagnostic~) {"metadata":{"emulator":{"name":"functions"},"message":"[worker-pool] addWorker(~diagnostic~)"}}
[debug] [2021-11-06T06:45:57.364Z] [worker-pool] Adding worker with key ~diagnostic~, total=1 {"metadata":{"emulator":{"name":"functions"},"message":"[worker-pool] Adding worker with key ~diagnostic~, total=1"}}
[debug] [2021-11-06T06:45:57.364Z] [worker-pool] submitWork(triggerId=) {"metadata":{"emulator":{"name":"functions"},"message":"[worker-pool] submitWork(triggerId=)"}}
[debug] [2021-11-06T06:45:57.364Z] [worker-~diagnostic~-f7c9d1cd-7bf8-4135-85cc-b390a792f0ca]: Assigning socketPath: /var/folders/zt/gwmy73xn5jz8l9q2k7gmtjvr0000gn/T/fire_emu_3622.sock {"metadata":{"emulator":{"name":"functions"},"message":"[worker-~diagnostic~-f7c9d1cd-7bf8-4135-85cc-b390a792f0ca]: Assigning socketPath: /var/folders/zt/gwmy73xn5jz8l9q2k7gmtjvr0000gn/T/fire_emu_3622.sock"}}
[debug] [2021-11-06T06:45:57.365Z] [worker-~diagnostic~-f7c9d1cd-7bf8-4135-85cc-b390a792f0ca]: BUSY {"metadata":{"emulator":{"name":"functions"},"message":"[worker-~diagnostic~-f7c9d1cd-7bf8-4135-85cc-b390a792f0ca]: BUSY"}}
[debug] [2021-11-06T06:45:57.480Z] [runtime-status] [3622] Functions runtime initialized. {"cwd":"/Users/antrix/Documents/Clones/amazon-clone/functions","node_version":"14.15.4"} {"metadata":{"emulator":{"name":"functions"},"message":"[runtime-status] [3622] Functions runtime initialized. {\"cwd\":\"/Users/antrix/Documents/Clones/amazon-clone/functions\",\"node_version\":\"14.15.4\"}"}}
[debug] [2021-11-06T06:45:57.480Z] [runtime-status] [3622] Disabled runtime features: undefined {"metadata":{"emulator":{"name":"functions"},"message":"[runtime-status] [3622] Disabled runtime features: undefined"}}
[debug] [2021-11-06T06:45:57.483Z] [runtime-status] [3622] Resolved module firebase-admin {"declared":true,"installed":true,"version":"9.12.0","resolution":"/Users/antrix/Documents/Clones/amazon-clone/functions/node_modules/firebase-admin/lib/index.js"} {"metadata":{"emulator":{"name":"functions"},"message":"[runtime-status] [3622] Resolved module firebase-admin {\"declared\":true,\"installed\":true,\"version\":\"9.12.0\",\"resolution\":\"/Users/antrix/Documents/Clones/amazon-clone/functions/node_modules/firebase-admin/lib/index.js\"}"}}
[debug] [2021-11-06T06:45:57.486Z] [runtime-status] [3622] Resolved module firebase-functions {"declared":true,"installed":true,"version":"3.16.0","resolution":"/Users/antrix/Documents/Clones/amazon-clone/functions/node_modules/firebase-functions/lib/index.js"} {"metadata":{"emulator":{"name":"functions"},"message":"[runtime-status] [3622] Resolved module firebase-functions {\"declared\":true,\"installed\":true,\"version\":\"3.16.0\",\"resolution\":\"/Users/antrix/Documents/Clones/amazon-clone/functions/node_modules/firebase-functions/lib/index.js\"}"}}
[debug] [2021-11-06T06:45:57.487Z] [runtime-status] [3622] Outgoing network have been stubbed. [{"name":"http","status":"mocked"},{"name":"http","status":"mocked"},{"name":"https","status":"mocked"},{"name":"https","status":"mocked"},{"name":"net","status":"mocked"}] {"metadata":{"emulator":{"name":"functions"},"message":"[runtime-status] [3622] Outgoing network have been stubbed. [{\"name\":\"http\",\"status\":\"mocked\"},{\"name\":\"http\",\"status\":\"mocked\"},{\"name\":\"https\",\"status\":\"mocked\"},{\"name\":\"https\",\"status\":\"mocked\"},{\"name\":\"net\",\"status\":\"mocked\"}]"}}
[debug] [2021-11-06T06:45:57.489Z] [runtime-status] [3622] Resolved module firebase-functions {"declared":true,"installed":true,"version":"3.16.0","resolution":"/Users/antrix/Documents/Clones/amazon-clone/functions/node_modules/firebase-functions/lib/index.js"} {"metadata":{"emulator":{"name":"functions"},"message":"[runtime-status] [3622] Resolved module firebase-functions {\"declared\":true,\"installed\":true,\"version\":\"3.16.0\",\"resolution\":\"/Users/antrix/Documents/Clones/amazon-clone/functions/node_modules/firebase-functions/lib/index.js\"}"}}
[debug] [2021-11-06T06:45:57.544Z] [runtime-status] [3622] Checked functions.config() {"config":{}} {"metadata":{"emulator":{"name":"functions"},"message":"[runtime-status] [3622] Checked functions.config() {\"config\":{}}"}}
[debug] [2021-11-06T06:45:57.544Z] [runtime-status] [3622] firebase-functions has been stubbed. {"functionsResolution":{"declared":true,"installed":true,"version":"3.16.0","resolution":"/Users/antrix/Documents/Clones/amazon-clone/functions/node_modules/firebase-functions/lib/index.js"}} {"metadata":{"emulator":{"name":"functions"},"message":"[runtime-status] [3622] firebase-functions has been stubbed. {\"functionsResolution\":{\"declared\":true,\"installed\":true,\"version\":\"3.16.0\",\"resolution\":\"/Users/antrix/Documents/Clones/amazon-clone/functions/node_modules/firebase-functions/lib/index.js\"}}"}}
[debug] [2021-11-06T06:45:57.544Z] [runtime-status] [3622] Resolved module firebase-functions {"declared":true,"installed":true,"version":"3.16.0","resolution":"/Users/antrix/Documents/Clones/amazon-clone/functions/node_modules/firebase-functions/lib/index.js"} {"metadata":{"emulator":{"name":"functions"},"message":"[runtime-status] [3622] Resolved module firebase-functions {\"declared\":true,\"installed\":true,\"version\":\"3.16.0\",\"resolution\":\"/Users/antrix/Documents/Clones/amazon-clone/functions/node_modules/firebase-functions/lib/index.js\"}"}}
[debug] [2021-11-06T06:45:57.545Z] [runtime-status] [3622] Resolved module firebase-admin {"declared":true,"installed":true,"version":"9.12.0","resolution":"/Users/antrix/Documents/Clones/amazon-clone/functions/node_modules/firebase-admin/lib/index.js"} {"metadata":{"emulator":{"name":"functions"},"message":"[runtime-status] [3622] Resolved module firebase-admin {\"declared\":true,\"installed\":true,\"version\":\"9.12.0\",\"resolution\":\"/Users/antrix/Documents/Clones/amazon-clone/functions/node_modules/firebase-admin/lib/index.js\"}"}}
[debug] [2021-11-06T06:45:57.545Z] [runtime-status] [3622] Resolved module firebase-functions {"declared":true,"installed":true,"version":"3.16.0","resolution":"/Users/antrix/Documents/Clones/amazon-clone/functions/node_modules/firebase-functions/lib/index.js"} {"metadata":{"emulator":{"name":"functions"},"message":"[runtime-status] [3622] Resolved module firebase-functions {\"declared\":true,\"installed\":true,\"version\":\"3.16.0\",\"resolution\":\"/Users/antrix/Documents/Clones/amazon-clone/functions/node_modules/firebase-functions/lib/index.js\"}"}}
[debug] [2021-11-06T06:45:57.545Z] [runtime-status] [3622] firebase-admin has been stubbed. {"adminResolution":{"declared":true,"installed":true,"version":"9.12.0","resolution":"/Users/antrix/Documents/Clones/amazon-clone/functions/node_modules/firebase-admin/lib/index.js"}} {"metadata":{"emulator":{"name":"functions"},"message":"[runtime-status] [3622] firebase-admin has been stubbed. {\"adminResolution\":{\"declared\":true,\"installed\":true,\"version\":\"9.12.0\",\"resolution\":\"/Users/antrix/Documents/Clones/amazon-clone/functions/node_modules/firebase-admin/lib/index.js\"}}"}}
[info] ✔  functions[us-central1-api]: http function initialized (http://localhost:5001/clone-8a5ba/us-central1/api). {"metadata":{"emulator":{"name":"functions"},"message":"\u001b[1mhttp\u001b[22m function initialized (http://localhost:5001/clone-8a5ba/us-central1/api)."}}
[info] 
┌─────────────────────────────────────────────────────────────┐
│ ✔  All emulators ready! It is now safe to connect your app. │
│ i  View Emulator UI at http://localhost:4000                │
└─────────────────────────────────────────────────────────────┘

┌───────────┬────────────────┬─────────────────────────────────┐
│ Emulator  │ Host:Port      │ View in Emulator UI             │
├───────────┼────────────────┼─────────────────────────────────┤
│ Functions │ localhost:5001 │ http://localhost:4000/functions │
├───────────┼────────────────┼─────────────────────────────────┤
│ Hosting   │ localhost:5000 │ n/a                             │
└───────────┴────────────────┴─────────────────────────────────┘
  Emulator Hub running at localhost:4400
  Other reserved ports: 4500

Issues? Report them at https://github.com/firebase/firebase-tools/issues and attach the *-debug.log files.
 
[debug] [2021-11-06T06:45:57.705Z] [worker-~diagnostic~-f7c9d1cd-7bf8-4135-85cc-b390a792f0ca]: IDLE {"metadata":{"emulator":{"name":"functions"},"message":"[worker-~diagnostic~-f7c9d1cd-7bf8-4135-85cc-b390a792f0ca]: IDLE"}}
[debug] [2021-11-06T06:46:30.911Z] [work-queue] {"queueLength":1,"workRunningCount":0}
[debug] [2021-11-06T06:46:30.911Z] [work-queue] {"queueLength":0,"workRunningCount":1}
[debug] [2021-11-06T06:46:30.912Z] Accepted request POST /clone-8a5ba/us-central1/api/payment/create?total=0 --> us-central1-api
[debug] [2021-11-06T06:46:30.915Z] [worker-pool] addWorker(us-central1-api) {"metadata":{"emulator":{"name":"functions"},"message":"[worker-pool] addWorker(us-central1-api)"}}
[debug] [2021-11-06T06:46:30.916Z] [worker-pool] Adding worker with key us-central1-api, total=1 {"metadata":{"emulator":{"name":"functions"},"message":"[worker-pool] Adding worker with key us-central1-api, total=1"}}
[debug] [2021-11-06T06:46:30.916Z] [worker-pool] submitWork(triggerId=us-central1-api) {"metadata":{"emulator":{"name":"functions"},"message":"[worker-pool] submitWork(triggerId=us-central1-api)"}}
[debug] [2021-11-06T06:46:30.916Z] [worker-us-central1-api-96f33f9d-cecb-4667-9ef4-23a6bc155faa]: Assigning socketPath: /var/folders/zt/gwmy73xn5jz8l9q2k7gmtjvr0000gn/T/fire_emu_3636.sock {"metadata":{"emulator":{"name":"functions"},"message":"[worker-us-central1-api-96f33f9d-cecb-4667-9ef4-23a6bc155faa]: Assigning socketPath: /var/folders/zt/gwmy73xn5jz8l9q2k7gmtjvr0000gn/T/fire_emu_3636.sock"}}
[debug] [2021-11-06T06:46:30.916Z] [worker-us-central1-api-96f33f9d-cecb-4667-9ef4-23a6bc155faa]: BUSY {"metadata":{"emulator":{"name":"functions"},"message":"[worker-us-central1-api-96f33f9d-cecb-4667-9ef4-23a6bc155faa]: BUSY"}}
[debug] [2021-11-06T06:46:31.095Z] [runtime-status] [3636] Functions runtime initialized. {"cwd":"/Users/antrix/Documents/Clones/amazon-clone/functions","node_version":"14.15.4"} {"metadata":{"emulator":{"name":"functions"},"function":{"name":"us-central1-api"},"message":"[runtime-status] [3636] Functions runtime initialized. {\"cwd\":\"/Users/antrix/Documents/Clones/amazon-clone/functions\",\"node_version\":\"14.15.4\"}"}}
[debug] [2021-11-06T06:46:31.096Z] [runtime-status] [3636] Disabled runtime features: undefined {"metadata":{"emulator":{"name":"functions"},"function":{"name":"us-central1-api"},"message":"[runtime-status] [3636] Disabled runtime features: undefined"}}
[debug] [2021-11-06T06:46:31.098Z] [runtime-status] [3636] Resolved module firebase-admin {"declared":true,"installed":true,"version":"9.12.0","resolution":"/Users/antrix/Documents/Clones/amazon-clone/functions/node_modules/firebase-admin/lib/index.js"} {"metadata":{"emulator":{"name":"functions"},"function":{"name":"us-central1-api"},"message":"[runtime-status] [3636] Resolved module firebase-admin {\"declared\":true,\"installed\":true,\"version\":\"9.12.0\",\"resolution\":\"/Users/antrix/Documents/Clones/amazon-clone/functions/node_modules/firebase-admin/lib/index.js\"}"}}
[debug] [2021-11-06T06:46:31.101Z] [runtime-status] [3636] Resolved module firebase-functions {"declared":true,"installed":true,"version":"3.16.0","resolution":"/Users/antrix/Documents/Clones/amazon-clone/functions/node_modules/firebase-functions/lib/index.js"} {"metadata":{"emulator":{"name":"functions"},"function":{"name":"us-central1-api"},"message":"[runtime-status] [3636] Resolved module firebase-functions {\"declared\":true,\"installed\":true,\"version\":\"3.16.0\",\"resolution\":\"/Users/antrix/Documents/Clones/amazon-clone/functions/node_modules/firebase-functions/lib/index.js\"}"}}
[debug] [2021-11-06T06:46:31.102Z] [runtime-status] [3636] Outgoing network have been stubbed. [{"name":"http","status":"mocked"},{"name":"http","status":"mocked"},{"name":"https","status":"mocked"},{"name":"https","status":"mocked"},{"name":"net","status":"mocked"}] {"metadata":{"emulator":{"name":"functions"},"function":{"name":"us-central1-api"},"message":"[runtime-status] [3636] Outgoing network have been stubbed. [{\"name\":\"http\",\"status\":\"mocked\"},{\"name\":\"http\",\"status\":\"mocked\"},{\"name\":\"https\",\"status\":\"mocked\"},{\"name\":\"https\",\"status\":\"mocked\"},{\"name\":\"net\",\"status\":\"mocked\"}]"}}
[debug] [2021-11-06T06:46:31.104Z] [runtime-status] [3636] Resolved module firebase-functions {"declared":true,"installed":true,"version":"3.16.0","resolution":"/Users/antrix/Documents/Clones/amazon-clone/functions/node_modules/firebase-functions/lib/index.js"} {"metadata":{"emulator":{"name":"functions"},"function":{"name":"us-central1-api"},"message":"[runtime-status] [3636] Resolved module firebase-functions {\"declared\":true,\"installed\":true,\"version\":\"3.16.0\",\"resolution\":\"/Users/antrix/Documents/Clones/amazon-clone/functions/node_modules/firebase-functions/lib/index.js\"}"}}
[debug] [2021-11-06T06:46:31.153Z] [runtime-status] [3636] Checked functions.config() {"config":{}} {"metadata":{"emulator":{"name":"functions"},"function":{"name":"us-central1-api"},"message":"[runtime-status] [3636] Checked functions.config() {\"config\":{}}"}}
[debug] [2021-11-06T06:46:31.153Z] [runtime-status] [3636] firebase-functions has been stubbed. {"functionsResolution":{"declared":true,"installed":true,"version":"3.16.0","resolution":"/Users/antrix/Documents/Clones/amazon-clone/functions/node_modules/firebase-functions/lib/index.js"}} {"metadata":{"emulator":{"name":"functions"},"function":{"name":"us-central1-api"},"message":"[runtime-status] [3636] firebase-functions has been stubbed. {\"functionsResolution\":{\"declared\":true,\"installed\":true,\"version\":\"3.16.0\",\"resolution\":\"/Users/antrix/Documents/Clones/amazon-clone/functions/node_modules/firebase-functions/lib/index.js\"}}"}}
[debug] [2021-11-06T06:46:31.154Z] [runtime-status] [3636] Resolved module firebase-functions {"declared":true,"installed":true,"version":"3.16.0","resolution":"/Users/antrix/Documents/Clones/amazon-clone/functions/node_modules/firebase-functions/lib/index.js"} {"metadata":{"emulator":{"name":"functions"},"function":{"name":"us-central1-api"},"message":"[runtime-status] [3636] Resolved module firebase-functions {\"declared\":true,\"installed\":true,\"version\":\"3.16.0\",\"resolution\":\"/Users/antrix/Documents/Clones/amazon-clone/functions/node_modules/firebase-functions/lib/index.js\"}"}}
[debug] [2021-11-06T06:46:31.155Z] [runtime-status] [3636] Resolved module firebase-admin {"declared":true,"installed":true,"version":"9.12.0","resolution":"/Users/antrix/Documents/Clones/amazon-clone/functions/node_modules/firebase-admin/lib/index.js"} {"metadata":{"emulator":{"name":"functions"},"function":{"name":"us-central1-api"},"message":"[runtime-status] [3636] Resolved module firebase-admin {\"declared\":true,\"installed\":true,\"version\":\"9.12.0\",\"resolution\":\"/Users/antrix/Documents/Clones/amazon-clone/functions/node_modules/firebase-admin/lib/index.js\"}"}}
[debug] [2021-11-06T06:46:31.155Z] [runtime-status] [3636] Resolved module firebase-functions {"declared":true,"installed":true,"version":"3.16.0","resolution":"/Users/antrix/Documents/Clones/amazon-clone/functions/node_modules/firebase-functions/lib/index.js"} {"metadata":{"emulator":{"name":"functions"},"function":{"name":"us-central1-api"},"message":"[runtime-status] [3636] Resolved module firebase-functions {\"declared\":true,\"installed\":true,\"version\":\"3.16.0\",\"resolution\":\"/Users/antrix/Documents/Clones/amazon-clone/functions/node_modules/firebase-functions/lib/index.js\"}"}}
[debug] [2021-11-06T06:46:31.155Z] [runtime-status] [3636] firebase-admin has been stubbed. {"adminResolution":{"declared":true,"installed":true,"version":"9.12.0","resolution":"/Users/antrix/Documents/Clones/amazon-clone/functions/node_modules/firebase-admin/lib/index.js"}} {"metadata":{"emulator":{"name":"functions"},"function":{"name":"us-central1-api"},"message":"[runtime-status] [3636] firebase-admin has been stubbed. {\"adminResolution\":{\"declared\":true,\"installed\":true,\"version\":\"9.12.0\",\"resolution\":\"/Users/antrix/Documents/Clones/amazon-clone/functions/node_modules/firebase-admin/lib/index.js\"}}"}}
[debug] [2021-11-06T06:46:31.311Z] [runtime-status] [3636] Trigger "us-central1-api" has been found, beginning invocation! {"metadata":{"emulator":{"name":"functions"},"function":{"name":"us-central1-api"},"message":"[runtime-status] [3636] Trigger \"us-central1-api\" has been found, beginning invocation!"}}
[info] i  functions: Beginning execution of "us-central1-api" {"metadata":{"emulator":{"name":"functions"},"function":{"name":"us-central1-api"},"message":"Beginning execution of \"us-central1-api\""}}
[debug] [2021-11-06T06:46:31.312Z] [runtime-status] [3636] triggerDefinition {"httpsTrigger":{},"name":"api","entryPoint":"api","regions":["us-central1"],"region":"us-central1","id":"us-central1-api"} {"metadata":{"emulator":{"name":"functions"},"function":{"name":"us-central1-api"},"message":"[runtime-status] [3636] triggerDefinition {\"httpsTrigger\":{},\"name\":\"api\",\"entryPoint\":\"api\",\"regions\":[\"us-central1\"],\"region\":\"us-central1\",\"id\":\"us-central1-api\"}"}}
[debug] [2021-11-06T06:46:31.312Z] [runtime-status] [3636] Running us-central1-api in signature http {"metadata":{"emulator":{"name":"functions"},"function":{"name":"us-central1-api"},"message":"[runtime-status] [3636] Running us-central1-api in signature http"}}
[debug] [2021-11-06T06:46:31.314Z] [runtime-status] [3636] Attempting to listen to socketPath: /var/folders/zt/gwmy73xn5jz8l9q2k7gmtjvr0000gn/T/fire_emu_3636.sock {"metadata":{"emulator":{"name":"functions"},"function":{"name":"us-central1-api"},"message":"[runtime-status] [3636] Attempting to listen to socketPath: /var/folders/zt/gwmy73xn5jz8l9q2k7gmtjvr0000gn/T/fire_emu_3636.sock"}}
[debug] [2021-11-06T06:46:31.317Z] [functions] Runtime ready! Sending request! {"metadata":{"emulator":{"name":"functions"},"message":"[functions] Runtime ready! Sending request!"}}
[debug] [2021-11-06T06:46:31.318Z] [functions] Got req.url=/clone-8a5ba/us-central1/api/payment/create?total=0, mapping to path=/payment/create?total=0 {"metadata":{"emulator":{"name":"functions"},"message":"[functions] Got req.url=/clone-8a5ba/us-central1/api/payment/create?total=0, mapping to path=/payment/create?total=0"}}
[debug] [2021-11-06T06:46:31.326Z] [runtime-status] [3636] Ephemeral server handling POST request {"metadata":{"emulator":{"name":"functions"},"function":{"name":"us-central1-api"},"message":"[runtime-status] [3636] Ephemeral server handling POST request"}}
[info] >  payment req received for amount >>  0 {"user":"payment req received for amount >>  0","metadata":{"emulator":{"name":"functions"},"function":{"name":"us-central1-api"},"message":"\u001b[90m> \u001b[39m payment req received for amount >>  0"}}
[debug] [2021-11-06T06:46:31.339Z] [runtime-status] [3636] Ephemeral server survived. {"metadata":{"emulator":{"name":"functions"},"function":{"name":"us-central1-api"},"message":"[runtime-status] [3636] Ephemeral server survived."}}
[info] >  (node:3636) UnhandledPromiseRejectionWarning: Error: This value must be greater than or equal to 1. {"user":"(node:3636) UnhandledPromiseRejectionWarning: Error: This value must be greater than or equal to 1.","metadata":{"emulator":{"name":"functions"},"function":{"name":"us-central1-api"},"message":"\u001b[90m> \u001b[39m (node:3636) UnhandledPromiseRejectionWarning: Error: This value must be greater than or equal to 1."}}
[info] >      at Function.generate (/Users/antrix/Documents/Clones/amazon-clone/functions/node_modules/stripe/lib/Error.js:40:16) {"user":"    at Function.generate (/Users/antrix/Documents/Clones/amazon-clone/functions/node_modules/stripe/lib/Error.js:40:16)","metadata":{"emulator":{"name":"functions"},"function":{"name":"us-central1-api"},"message":"\u001b[90m> \u001b[39m     at Function.generate (/Users/antrix/Documents/Clones/amazon-clone/functions/node_modules/stripe/lib/Error.js:40:16)"}}
[info] >      at res.toJSON.then.StripeAPIError.message (/Users/antrix/Documents/Clones/amazon-clone/functions/node_modules/stripe/lib/StripeResource.js:220:35) {"user":"    at res.toJSON.then.StripeAPIError.message (/Users/antrix/Documents/Clones/amazon-clone/functions/node_modules/stripe/lib/StripeResource.js:220:35)","metadata":{"emulator":{"name":"functions"},"function":{"name":"us-central1-api"},"message":"\u001b[90m> \u001b[39m     at res.toJSON.then.StripeAPIError.message (/Users/antrix/Documents/Clones/amazon-clone/functions/node_modules/stripe/lib/StripeResource.js:220:35)"}}
[info] >      at processTicksAndRejections (internal/process/task_queues.js:93:5) {"user":"    at processTicksAndRejections (internal/process/task_queues.js:93:5)","metadata":{"emulator":{"name":"functions"},"function":{"name":"us-central1-api"},"message":"\u001b[90m> \u001b[39m     at processTicksAndRejections (internal/process/task_queues.js:93:5)"}}
[info] >  (Use `node --trace-warnings ...` to show where the warning was created) {"user":"(Use `node --trace-warnings ...` to show where the warning was created)","metadata":{"emulator":{"name":"functions"},"function":{"name":"us-central1-api"},"message":"\u001b[90m> \u001b[39m (Use `node --trace-warnings ...` to show where the warning was created)"}}
[info] >  (node:3636) UnhandledPromiseRejectionWarning: Unhandled promise rejection. This error originated either by throwing inside of an async function without a catch block, or by rejecting a promise which was not handled with .catch(). To terminate the node process on unhandled promise rejection, use the CLI flag `--unhandled-rejections=strict` (see https://nodejs.org/api/cli.html#cli_unhandled_rejections_mode). (rejection id: 1) {"user":"(node:3636) UnhandledPromiseRejectionWarning: Unhandled promise rejection. This error originated either by throwing inside of an async function without a catch block, or by rejecting a promise which was not handled with .catch(). To terminate the node process on unhandled promise rejection, use the CLI flag `--unhandled-rejections=strict` (see https://nodejs.org/api/cli.html#cli_unhandled_rejections_mode). (rejection id: 1)","metadata":{"emulator":{"name":"functions"},"function":{"name":"us-central1-api"},"message":"\u001b[90m> \u001b[39m (node:3636) UnhandledPromiseRejectionWarning: Unhandled promise rejection. This error originated either by throwing inside of an async function without a catch block, or by rejecting a promise which was not handled with .catch(). To terminate the node process on unhandled promise rejection, use the CLI flag `--unhandled-rejections=strict` (see https://nodejs.org/api/cli.html#cli_unhandled_rejections_mode). (rejection id: 1)"}}
[info] >  (node:3636) [DEP0018] DeprecationWarning: Unhandled promise rejections are deprecated. In the future, promise rejections that are not handled will terminate the Node.js process with a non-zero exit code. {"user":"(node:3636) [DEP0018] DeprecationWarning: Unhandled promise rejections are deprecated. In the future, promise rejections that are not handled will terminate the Node.js process with a non-zero exit code.","metadata":{"emulator":{"name":"functions"},"function":{"name":"us-central1-api"},"message":"\u001b[90m> \u001b[39m (node:3636) [DEP0018] DeprecationWarning: Unhandled promise rejections are deprecated. In the future, promise rejections that are not handled will terminate the Node.js process with a non-zero exit code."}}
[warn] ⚠  functions: Your function timed out after ~60s. To configure this timeout, see
      https://firebase.google.com/docs/functions/manage-functions#set_timeout_and_memory_allocation. {"metadata":{"emulator":{"name":"functions"},"function":{"name":"us-central1-api"},"message":"Your function timed out after ~60s. To configure this timeout, see\n      https://firebase.google.com/docs/functions/manage-functions#set_timeout_and_memory_allocation."}}
[info] >  /usr/local/lib/node_modules/firebase-tools/lib/emulator/functionsEmulatorRuntime.js:604 {"user":"/usr/local/lib/node_modules/firebase-tools/lib/emulator/functionsEmulatorRuntime.js:604","metadata":{"emulator":{"name":"functions"},"function":{"name":"us-central1-api"},"message":"\u001b[90m> \u001b[39m /usr/local/lib/node_modules/firebase-tools/lib/emulator/functionsEmulatorRuntime.js:604"}}
[info] >              throw new Error("Function timed out."); {"user":"            throw new Error(\"Function timed out.\");","metadata":{"emulator":{"name":"functions"},"function":{"name":"us-central1-api"},"message":"\u001b[90m> \u001b[39m             throw new Error(\"Function timed out.\");"}}
[info] >              ^ {"user":"            ^","metadata":{"emulator":{"name":"functions"},"function":{"name":"us-central1-api"},"message":"\u001b[90m> \u001b[39m             ^"}}
[info] >   {"user":"","metadata":{"emulator":{"name":"functions"},"function":{"name":"us-central1-api"},"message":"\u001b[90m> \u001b[39m "}}
[info] >  Error: Function timed out. {"user":"Error: Function timed out.","metadata":{"emulator":{"name":"functions"},"function":{"name":"us-central1-api"},"message":"\u001b[90m> \u001b[39m Error: Function timed out."}}
[info] >      at Timeout._onTimeout (/usr/local/lib/node_modules/firebase-tools/lib/emulator/functionsEmulatorRuntime.js:604:19) {"user":"    at Timeout._onTimeout (/usr/local/lib/node_modules/firebase-tools/lib/emulator/functionsEmulatorRuntime.js:604:19)","metadata":{"emulator":{"name":"functions"},"function":{"name":"us-central1-api"},"message":"\u001b[90m> \u001b[39m     at Timeout._onTimeout (/usr/local/lib/node_modules/firebase-tools/lib/emulator/functionsEmulatorRuntime.js:604:19)"}}
[info] >      at listOnTimeout (internal/timers.js:554:17) {"user":"    at listOnTimeout (internal/timers.js:554:17)","metadata":{"emulator":{"name":"functions"},"function":{"name":"us-central1-api"},"message":"\u001b[90m> \u001b[39m     at listOnTimeout (internal/timers.js:554:17)"}}
[info] >      at processTimers (internal/timers.js:497:7) {"user":"    at processTimers (internal/timers.js:497:7)","metadata":{"emulator":{"name":"functions"},"function":{"name":"us-central1-api"},"message":"\u001b[90m> \u001b[39m     at processTimers (internal/timers.js:497:7)"}}
[debug] [2021-11-06T06:47:31.334Z] [worker-us-central1-api-96f33f9d-cecb-4667-9ef4-23a6bc155faa]: exited {"metadata":{"emulator":{"name":"functions"},"message":"[worker-us-central1-api-96f33f9d-cecb-4667-9ef4-23a6bc155faa]: exited"}}
[debug] [2021-11-06T06:47:31.334Z] [worker-us-central1-api-96f33f9d-cecb-4667-9ef4-23a6bc155faa]: FINISHED {"metadata":{"emulator":{"name":"functions"},"message":"[worker-us-central1-api-96f33f9d-cecb-4667-9ef4-23a6bc155faa]: FINISHED"}}
[debug] [2021-11-06T06:47:31.334Z] [work-queue] {"queueLength":0,"workRunningCount":0}
[debug] [2021-11-06T06:47:58.808Z] [work-queue] {"queueLength":1,"workRunningCount":0}
[debug] [2021-11-06T06:47:58.808Z] [work-queue] {"queueLength":0,"workRunningCount":1}
[debug] [2021-11-06T06:47:58.808Z] Accepted request POST /clone-8a5ba/us-central1/api/payment/create?total=0 --> us-central1-api
[debug] [2021-11-06T06:47:58.808Z] [worker-pool] Cleaned up workers for us-central1-api: 1 --> 0 {"metadata":{"emulator":{"name":"functions"},"message":"[worker-pool] Cleaned up workers for us-central1-api: 1 --> 0"}}
[debug] [2021-11-06T06:47:58.812Z] [worker-pool] addWorker(us-central1-api) {"metadata":{"emulator":{"name":"functions"},"message":"[worker-pool] addWorker(us-central1-api)"}}
[debug] [2021-11-06T06:47:58.813Z] [worker-pool] Adding worker with key us-central1-api, total=1 {"metadata":{"emulator":{"name":"functions"},"message":"[worker-pool] Adding worker with key us-central1-api, total=1"}}
[debug] [2021-11-06T06:47:58.813Z] [worker-pool] submitWork(triggerId=us-central1-api) {"metadata":{"emulator":{"name":"functions"},"message":"[worker-pool] submitWork(triggerId=us-central1-api)"}}
[debug] [2021-11-06T06:47:58.813Z] [worker-us-central1-api-e605e1d8-5842-45f7-bb7f-7be28b8e0406]: Assigning socketPath: /var/folders/zt/gwmy73xn5jz8l9q2k7gmtjvr0000gn/T/fire_emu_3660.sock {"metadata":{"emulator":{"name":"functions"},"message":"[worker-us-central1-api-e605e1d8-5842-45f7-bb7f-7be28b8e0406]: Assigning socketPath: /var/folders/zt/gwmy73xn5jz8l9q2k7gmtjvr0000gn/T/fire_emu_3660.sock"}}
[debug] [2021-11-06T06:47:58.813Z] [worker-us-central1-api-e605e1d8-5842-45f7-bb7f-7be28b8e0406]: BUSY {"metadata":{"emulator":{"name":"functions"},"message":"[worker-us-central1-api-e605e1d8-5842-45f7-bb7f-7be28b8e0406]: BUSY"}}
[debug] [2021-11-06T06:47:59.001Z] [runtime-status] [3660] Functions runtime initialized. {"cwd":"/Users/antrix/Documents/Clones/amazon-clone/functions","node_version":"14.15.4"} {"metadata":{"emulator":{"name":"functions"},"function":{"name":"us-central1-api"},"message":"[runtime-status] [3660] Functions runtime initialized. {\"cwd\":\"/Users/antrix/Documents/Clones/amazon-clone/functions\",\"node_version\":\"14.15.4\"}"}}
[debug] [2021-11-06T06:47:59.002Z] [runtime-status] [3660] Disabled runtime features: undefined {"metadata":{"emulator":{"name":"functions"},"function":{"name":"us-central1-api"},"message":"[runtime-status] [3660] Disabled runtime features: undefined"}}
[debug] [2021-11-06T06:47:59.004Z] [runtime-status] [3660] Resolved module firebase-admin {"declared":true,"installed":true,"version":"9.12.0","resolution":"/Users/antrix/Documents/Clones/amazon-clone/functions/node_modules/firebase-admin/lib/index.js"} {"metadata":{"emulator":{"name":"functions"},"function":{"name":"us-central1-api"},"message":"[runtime-status] [3660] Resolved module firebase-admin {\"declared\":true,\"installed\":true,\"version\":\"9.12.0\",\"resolution\":\"/Users/antrix/Documents/Clones/amazon-clone/functions/node_modules/firebase-admin/lib/index.js\"}"}}
[debug] [2021-11-06T06:47:59.007Z] [runtime-status] [3660] Resolved module firebase-functions {"declared":true,"installed":true,"version":"3.16.0","resolution":"/Users/antrix/Documents/Clones/amazon-clone/functions/node_modules/firebase-functions/lib/index.js"} {"metadata":{"emulator":{"name":"functions"},"function":{"name":"us-central1-api"},"message":"[runtime-status] [3660] Resolved module firebase-functions {\"declared\":true,\"installed\":true,\"version\":\"3.16.0\",\"resolution\":\"/Users/antrix/Documents/Clones/amazon-clone/functions/node_modules/firebase-functions/lib/index.js\"}"}}
[debug] [2021-11-06T06:47:59.008Z] [runtime-status] [3660] Outgoing network have been stubbed. [{"name":"http","status":"mocked"},{"name":"http","status":"mocked"},{"name":"https","status":"mocked"},{"name":"https","status":"mocked"},{"name":"net","status":"mocked"}] {"metadata":{"emulator":{"name":"functions"},"function":{"name":"us-central1-api"},"message":"[runtime-status] [3660] Outgoing network have been stubbed. [{\"name\":\"http\",\"status\":\"mocked\"},{\"name\":\"http\",\"status\":\"mocked\"},{\"name\":\"https\",\"status\":\"mocked\"},{\"name\":\"https\",\"status\":\"mocked\"},{\"name\":\"net\",\"status\":\"mocked\"}]"}}
[debug] [2021-11-06T06:47:59.010Z] [runtime-status] [3660] Resolved module firebase-functions {"declared":true,"installed":true,"version":"3.16.0","resolution":"/Users/antrix/Documents/Clones/amazon-clone/functions/node_modules/firebase-functions/lib/index.js"} {"metadata":{"emulator":{"name":"functions"},"function":{"name":"us-central1-api"},"message":"[runtime-status] [3660] Resolved module firebase-functions {\"declared\":true,\"installed\":true,\"version\":\"3.16.0\",\"resolution\":\"/Users/antrix/Documents/Clones/amazon-clone/functions/node_modules/firebase-functions/lib/index.js\"}"}}
[debug] [2021-11-06T06:47:59.058Z] [runtime-status] [3660] Checked functions.config() {"config":{}} {"metadata":{"emulator":{"name":"functions"},"function":{"name":"us-central1-api"},"message":"[runtime-status] [3660] Checked functions.config() {\"config\":{}}"}}
[debug] [2021-11-06T06:47:59.059Z] [runtime-status] [3660] firebase-functions has been stubbed. {"functionsResolution":{"declared":true,"installed":true,"version":"3.16.0","resolution":"/Users/antrix/Documents/Clones/amazon-clone/functions/node_modules/firebase-functions/lib/index.js"}} {"metadata":{"emulator":{"name":"functions"},"function":{"name":"us-central1-api"},"message":"[runtime-status] [3660] firebase-functions has been stubbed. {\"functionsResolution\":{\"declared\":true,\"installed\":true,\"version\":\"3.16.0\",\"resolution\":\"/Users/antrix/Documents/Clones/amazon-clone/functions/node_modules/firebase-functions/lib/index.js\"}}"}}
[debug] [2021-11-06T06:47:59.059Z] [runtime-status] [3660] Resolved module firebase-functions {"declared":true,"installed":true,"version":"3.16.0","resolution":"/Users/antrix/Documents/Clones/amazon-clone/functions/node_modules/firebase-functions/lib/index.js"} {"metadata":{"emulator":{"name":"functions"},"function":{"name":"us-central1-api"},"message":"[runtime-status] [3660] Resolved module firebase-functions {\"declared\":true,\"installed\":true,\"version\":\"3.16.0\",\"resolution\":\"/Users/antrix/Documents/Clones/amazon-clone/functions/node_modules/firebase-functions/lib/index.js\"}"}}
[debug] [2021-11-06T06:47:59.060Z] [runtime-status] [3660] Resolved module firebase-admin {"declared":true,"installed":true,"version":"9.12.0","resolution":"/Users/antrix/Documents/Clones/amazon-clone/functions/node_modules/firebase-admin/lib/index.js"} {"metadata":{"emulator":{"name":"functions"},"function":{"name":"us-central1-api"},"message":"[runtime-status] [3660] Resolved module firebase-admin {\"declared\":true,\"installed\":true,\"version\":\"9.12.0\",\"resolution\":\"/Users/antrix/Documents/Clones/amazon-clone/functions/node_modules/firebase-admin/lib/index.js\"}"}}
[debug] [2021-11-06T06:47:59.060Z] [runtime-status] [3660] Resolved module firebase-functions {"declared":true,"installed":true,"version":"3.16.0","resolution":"/Users/antrix/Documents/Clones/amazon-clone/functions/node_modules/firebase-functions/lib/index.js"} {"metadata":{"emulator":{"name":"functions"},"function":{"name":"us-central1-api"},"message":"[runtime-status] [3660] Resolved module firebase-functions {\"declared\":true,\"installed\":true,\"version\":\"3.16.0\",\"resolution\":\"/Users/antrix/Documents/Clones/amazon-clone/functions/node_modules/firebase-functions/lib/index.js\"}"}}
[debug] [2021-11-06T06:47:59.060Z] [runtime-status] [3660] firebase-admin has been stubbed. {"adminResolution":{"declared":true,"installed":true,"version":"9.12.0","resolution":"/Users/antrix/Documents/Clones/amazon-clone/functions/node_modules/firebase-admin/lib/index.js"}} {"metadata":{"emulator":{"name":"functions"},"function":{"name":"us-central1-api"},"message":"[runtime-status] [3660] firebase-admin has been stubbed. {\"adminResolution\":{\"declared\":true,\"installed\":true,\"version\":\"9.12.0\",\"resolution\":\"/Users/antrix/Documents/Clones/amazon-clone/functions/node_modules/firebase-admin/lib/index.js\"}}"}}
[debug] [2021-11-06T06:47:59.183Z] [runtime-status] [3660] Trigger "us-central1-api" has been found, beginning invocation! {"metadata":{"emulator":{"name":"functions"},"function":{"name":"us-central1-api"},"message":"[runtime-status] [3660] Trigger \"us-central1-api\" has been found, beginning invocation!"}}
[info] i  functions: Beginning execution of "us-central1-api" {"metadata":{"emulator":{"name":"functions"},"function":{"name":"us-central1-api"},"message":"Beginning execution of \"us-central1-api\""}}
[debug] [2021-11-06T06:47:59.184Z] [runtime-status] [3660] triggerDefinition {"httpsTrigger":{},"name":"api","entryPoint":"api","regions":["us-central1"],"region":"us-central1","id":"us-central1-api"} {"metadata":{"emulator":{"name":"functions"},"function":{"name":"us-central1-api"},"message":"[runtime-status] [3660] triggerDefinition {\"httpsTrigger\":{},\"name\":\"api\",\"entryPoint\":\"api\",\"regions\":[\"us-central1\"],\"region\":\"us-central1\",\"id\":\"us-central1-api\"}"}}
[debug] [2021-11-06T06:47:59.184Z] [runtime-status] [3660] Running us-central1-api in signature http {"metadata":{"emulator":{"name":"functions"},"function":{"name":"us-central1-api"},"message":"[runtime-status] [3660] Running us-central1-api in signature http"}}
[debug] [2021-11-06T06:47:59.186Z] [runtime-status] [3660] Attempting to listen to socketPath: /var/folders/zt/gwmy73xn5jz8l9q2k7gmtjvr0000gn/T/fire_emu_3660.sock {"metadata":{"emulator":{"name":"functions"},"function":{"name":"us-central1-api"},"message":"[runtime-status] [3660] Attempting to listen to socketPath: /var/folders/zt/gwmy73xn5jz8l9q2k7gmtjvr0000gn/T/fire_emu_3660.sock"}}
[debug] [2021-11-06T06:47:59.189Z] [functions] Runtime ready! Sending request! {"metadata":{"emulator":{"name":"functions"},"message":"[functions] Runtime ready! Sending request!"}}
[debug] [2021-11-06T06:47:59.189Z] [functions] Got req.url=/clone-8a5ba/us-central1/api/payment/create?total=0, mapping to path=/payment/create?total=0 {"metadata":{"emulator":{"name":"functions"},"message":"[functions] Got req.url=/clone-8a5ba/us-central1/api/payment/create?total=0, mapping to path=/payment/create?total=0"}}
[debug] [2021-11-06T06:47:59.199Z] [runtime-status] [3660] Ephemeral server handling POST request {"metadata":{"emulator":{"name":"functions"},"function":{"name":"us-central1-api"},"message":"[runtime-status] [3660] Ephemeral server handling POST request"}}
[info] >  payment req received for amount >>  0 {"user":"payment req received for amount >>  0","metadata":{"emulator":{"name":"functions"},"function":{"name":"us-central1-api"},"message":"\u001b[90m> \u001b[39m payment req received for amount >>  0"}}
[debug] [2021-11-06T06:47:59.217Z] [runtime-status] [3660] Ephemeral server survived. {"metadata":{"emulator":{"name":"functions"},"function":{"name":"us-central1-api"},"message":"[runtime-status] [3660] Ephemeral server survived."}}
[info] >  (node:3660) UnhandledPromiseRejectionWarning: Error: This value must be greater than or equal to 1. {"user":"(node:3660) UnhandledPromiseRejectionWarning: Error: This value must be greater than or equal to 1.","metadata":{"emulator":{"name":"functions"},"function":{"name":"us-central1-api"},"message":"\u001b[90m> \u001b[39m (node:3660) UnhandledPromiseRejectionWarning: Error: This value must be greater than or equal to 1."}}
[info] >      at Function.generate (/Users/antrix/Documents/Clones/amazon-clone/functions/node_modules/stripe/lib/Error.js:40:16) {"user":"    at Function.generate (/Users/antrix/Documents/Clones/amazon-clone/functions/node_modules/stripe/lib/Error.js:40:16)","metadata":{"emulator":{"name":"functions"},"function":{"name":"us-central1-api"},"message":"\u001b[90m> \u001b[39m     at Function.generate (/Users/antrix/Documents/Clones/amazon-clone/functions/node_modules/stripe/lib/Error.js:40:16)"}}
[info] >      at res.toJSON.then.StripeAPIError.message (/Users/antrix/Documents/Clones/amazon-clone/functions/node_modules/stripe/lib/StripeResource.js:220:35) {"user":"    at res.toJSON.then.StripeAPIError.message (/Users/antrix/Documents/Clones/amazon-clone/functions/node_modules/stripe/lib/StripeResource.js:220:35)","metadata":{"emulator":{"name":"functions"},"function":{"name":"us-central1-api"},"message":"\u001b[90m> \u001b[39m     at res.toJSON.then.StripeAPIError.message (/Users/antrix/Documents/Clones/amazon-clone/functions/node_modules/stripe/lib/StripeResource.js:220:35)"}}
[info] >      at processTicksAndRejections (internal/process/task_queues.js:93:5) {"user":"    at processTicksAndRejections (internal/process/task_queues.js:93:5)","metadata":{"emulator":{"name":"functions"},"function":{"name":"us-central1-api"},"message":"\u001b[90m> \u001b[39m     at processTicksAndRejections (internal/process/task_queues.js:93:5)"}}
[info] >  (Use `node --trace-warnings ...` to show where the warning was created) {"user":"(Use `node --trace-warnings ...` to show where the warning was created)","metadata":{"emulator":{"name":"functions"},"function":{"name":"us-central1-api"},"message":"\u001b[90m> \u001b[39m (Use `node --trace-warnings ...` to show where the warning was created)"}}
[info] >  (node:3660) UnhandledPromiseRejectionWarning: Unhandled promise rejection. This error originated either by throwing inside of an async function without a catch block, or by rejecting a promise which was not handled with .catch(). To terminate the node process on unhandled promise rejection, use the CLI flag `--unhandled-rejections=strict` (see https://nodejs.org/api/cli.html#cli_unhandled_rejections_mode). (rejection id: 1) {"user":"(node:3660) UnhandledPromiseRejectionWarning: Unhandled promise rejection. This error originated either by throwing inside of an async function without a catch block, or by rejecting a promise which was not handled with .catch(). To terminate the node process on unhandled promise rejection, use the CLI flag `--unhandled-rejections=strict` (see https://nodejs.org/api/cli.html#cli_unhandled_rejections_mode). (rejection id: 1)","metadata":{"emulator":{"name":"functions"},"function":{"name":"us-central1-api"},"message":"\u001b[90m> \u001b[39m (node:3660) UnhandledPromiseRejectionWarning: Unhandled promise rejection. This error originated either by throwing inside of an async function without a catch block, or by rejecting a promise which was not handled with .catch(). To terminate the node process on unhandled promise rejection, use the CLI flag `--unhandled-rejections=strict` (see https://nodejs.org/api/cli.html#cli_unhandled_rejections_mode). (rejection id: 1)"}}
[info] >  (node:3660) [DEP0018] DeprecationWarning: Unhandled promise rejections are deprecated. In the future, promise rejections that are not handled will terminate the Node.js process with a non-zero exit code. {"user":"(node:3660) [DEP0018] DeprecationWarning: Unhandled promise rejections are deprecated. In the future, promise rejections that are not handled will terminate the Node.js process with a non-zero exit code.","metadata":{"emulator":{"name":"functions"},"function":{"name":"us-central1-api"},"message":"\u001b[90m> \u001b[39m (node:3660) [DEP0018] DeprecationWarning: Unhandled promise rejections are deprecated. In the future, promise rejections that are not handled will terminate the Node.js process with a non-zero exit code."}}
[warn] ⚠  functions: Your function timed out after ~60s. To configure this timeout, see
      https://firebase.google.com/docs/functions/manage-functions#set_timeout_and_memory_allocation. {"metadata":{"emulator":{"name":"functions"},"function":{"name":"us-central1-api"},"message":"Your function timed out after ~60s. To configure this timeout, see\n      https://firebase.google.com/docs/functions/manage-functions#set_timeout_and_memory_allocation."}}
[info] >  /usr/local/lib/node_modules/firebase-tools/lib/emulator/functionsEmulatorRuntime.js:604 {"user":"/usr/local/lib/node_modules/firebase-tools/lib/emulator/functionsEmulatorRuntime.js:604","metadata":{"emulator":{"name":"functions"},"function":{"name":"us-central1-api"},"message":"\u001b[90m> \u001b[39m /usr/local/lib/node_modules/firebase-tools/lib/emulator/functionsEmulatorRuntime.js:604"}}
[info] >              throw new Error("Function timed out."); {"user":"            throw new Error(\"Function timed out.\");","metadata":{"emulator":{"name":"functions"},"function":{"name":"us-central1-api"},"message":"\u001b[90m> \u001b[39m             throw new Error(\"Function timed out.\");"}}
[info] >              ^ {"user":"            ^","metadata":{"emulator":{"name":"functions"},"function":{"name":"us-central1-api"},"message":"\u001b[90m> \u001b[39m             ^"}}
[info] >   {"user":"","metadata":{"emulator":{"name":"functions"},"function":{"name":"us-central1-api"},"message":"\u001b[90m> \u001b[39m "}}
[info] >  Error: Function timed out. {"user":"Error: Function timed out.","metadata":{"emulator":{"name":"functions"},"function":{"name":"us-central1-api"},"message":"\u001b[90m> \u001b[39m Error: Function timed out."}}
[info] >      at Timeout._onTimeout (/usr/local/lib/node_modules/firebase-tools/lib/emulator/functionsEmulatorRuntime.js:604:19) {"user":"    at Timeout._onTimeout (/usr/local/lib/node_modules/firebase-tools/lib/emulator/functionsEmulatorRuntime.js:604:19)","metadata":{"emulator":{"name":"functions"},"function":{"name":"us-central1-api"},"message":"\u001b[90m> \u001b[39m     at Timeout._onTimeout (/usr/local/lib/node_modules/firebase-tools/lib/emulator/functionsEmulatorRuntime.js:604:19)"}}
[info] >      at listOnTimeout (internal/timers.js:554:17) {"user":"    at listOnTimeout (internal/timers.js:554:17)","metadata":{"emulator":{"name":"functions"},"function":{"name":"us-central1-api"},"message":"\u001b[90m> \u001b[39m     at listOnTimeout (internal/timers.js:554:17)"}}
[info] >      at processTimers (internal/timers.js:497:7) {"user":"    at processTimers (internal/timers.js:497:7)","metadata":{"emulator":{"name":"functions"},"function":{"name":"us-central1-api"},"message":"\u001b[90m> \u001b[39m     at processTimers (internal/timers.js:497:7)"}}
[debug] [2021-11-06T06:48:59.203Z] [worker-us-central1-api-e605e1d8-5842-45f7-bb7f-7be28b8e0406]: exited {"metadata":{"emulator":{"name":"functions"},"message":"[worker-us-central1-api-e605e1d8-5842-45f7-bb7f-7be28b8e0406]: exited"}}
[debug] [2021-11-06T06:48:59.204Z] [worker-us-central1-api-e605e1d8-5842-45f7-bb7f-7be28b8e0406]: FINISHED {"metadata":{"emulator":{"name":"functions"},"message":"[worker-us-central1-api-e605e1d8-5842-45f7-bb7f-7be28b8e0406]: FINISHED"}}
[debug] [2021-11-06T06:48:59.204Z] [work-queue] {"queueLength":0,"workRunningCount":0}
[debug] [2021-11-06T06:49:52.166Z] [work-queue] {"queueLength":1,"workRunningCount":0}
[debug] [2021-11-06T06:49:52.167Z] [work-queue] {"queueLength":0,"workRunningCount":1}
[debug] [2021-11-06T06:49:52.167Z] Accepted request POST /clone-8a5ba/us-central1/api/payment/create?total=0 --> us-central1-api
[debug] [2021-11-06T06:49:52.168Z] [worker-pool] Cleaned up workers for us-central1-api: 1 --> 0 {"metadata":{"emulator":{"name":"functions"},"message":"[worker-pool] Cleaned up workers for us-central1-api: 1 --> 0"}}
[debug] [2021-11-06T06:49:52.172Z] [worker-pool] addWorker(us-central1-api) {"metadata":{"emulator":{"name":"functions"},"message":"[worker-pool] addWorker(us-central1-api)"}}
[debug] [2021-11-06T06:49:52.172Z] [worker-pool] Adding worker with key us-central1-api, total=1 {"metadata":{"emulator":{"name":"functions"},"message":"[worker-pool] Adding worker with key us-central1-api, total=1"}}
[debug] [2021-11-06T06:49:52.172Z] [worker-pool] submitWork(triggerId=us-central1-api) {"metadata":{"emulator":{"name":"functions"},"message":"[worker-pool] submitWork(triggerId=us-central1-api)"}}
[debug] [2021-11-06T06:49:52.172Z] [worker-us-central1-api-5f2ab0c9-f590-41a9-82b4-c79c90439375]: Assigning socketPath: /var/folders/zt/gwmy73xn5jz8l9q2k7gmtjvr0000gn/T/fire_emu_3686.sock {"metadata":{"emulator":{"name":"functions"},"message":"[worker-us-central1-api-5f2ab0c9-f590-41a9-82b4-c79c90439375]: Assigning socketPath: /var/folders/zt/gwmy73xn5jz8l9q2k7gmtjvr0000gn/T/fire_emu_3686.sock"}}
[debug] [2021-11-06T06:49:52.172Z] [worker-us-central1-api-5f2ab0c9-f590-41a9-82b4-c79c90439375]: BUSY {"metadata":{"emulator":{"name":"functions"},"message":"[worker-us-central1-api-5f2ab0c9-f590-41a9-82b4-c79c90439375]: BUSY"}}
[debug] [2021-11-06T06:49:52.377Z] [runtime-status] [3686] Functions runtime initialized. {"cwd":"/Users/antrix/Documents/Clones/amazon-clone/functions","node_version":"14.15.4"} {"metadata":{"emulator":{"name":"functions"},"function":{"name":"us-central1-api"},"message":"[runtime-status] [3686] Functions runtime initialized. {\"cwd\":\"/Users/antrix/Documents/Clones/amazon-clone/functions\",\"node_version\":\"14.15.4\"}"}}
[debug] [2021-11-06T06:49:52.379Z] [runtime-status] [3686] Disabled runtime features: undefined {"metadata":{"emulator":{"name":"functions"},"function":{"name":"us-central1-api"},"message":"[runtime-status] [3686] Disabled runtime features: undefined"}}
[debug] [2021-11-06T06:49:52.382Z] [runtime-status] [3686] Resolved module firebase-admin {"declared":true,"installed":true,"version":"9.12.0","resolution":"/Users/antrix/Documents/Clones/amazon-clone/functions/node_modules/firebase-admin/lib/index.js"} {"metadata":{"emulator":{"name":"functions"},"function":{"name":"us-central1-api"},"message":"[runtime-status] [3686] Resolved module firebase-admin {\"declared\":true,\"installed\":true,\"version\":\"9.12.0\",\"resolution\":\"/Users/antrix/Documents/Clones/amazon-clone/functions/node_modules/firebase-admin/lib/index.js\"}"}}
[debug] [2021-11-06T06:49:52.385Z] [runtime-status] [3686] Resolved module firebase-functions {"declared":true,"installed":true,"version":"3.16.0","resolution":"/Users/antrix/Documents/Clones/amazon-clone/functions/node_modules/firebase-functions/lib/index.js"} {"metadata":{"emulator":{"name":"functions"},"function":{"name":"us-central1-api"},"message":"[runtime-status] [3686] Resolved module firebase-functions {\"declared\":true,\"installed\":true,\"version\":\"3.16.0\",\"resolution\":\"/Users/antrix/Documents/Clones/amazon-clone/functions/node_modules/firebase-functions/lib/index.js\"}"}}
[debug] [2021-11-06T06:49:52.387Z] [runtime-status] [3686] Outgoing network have been stubbed. [{"name":"http","status":"mocked"},{"name":"http","status":"mocked"},{"name":"https","status":"mocked"},{"name":"https","status":"mocked"},{"name":"net","status":"mocked"}] {"metadata":{"emulator":{"name":"functions"},"function":{"name":"us-central1-api"},"message":"[runtime-status] [3686] Outgoing network have been stubbed. [{\"name\":\"http\",\"status\":\"mocked\"},{\"name\":\"http\",\"status\":\"mocked\"},{\"name\":\"https\",\"status\":\"mocked\"},{\"name\":\"https\",\"status\":\"mocked\"},{\"name\":\"net\",\"status\":\"mocked\"}]"}}
[debug] [2021-11-06T06:49:52.390Z] [runtime-status] [3686] Resolved module firebase-functions {"declared":true,"installed":true,"version":"3.16.0","resolution":"/Users/antrix/Documents/Clones/amazon-clone/functions/node_modules/firebase-functions/lib/index.js"} {"metadata":{"emulator":{"name":"functions"},"function":{"name":"us-central1-api"},"message":"[runtime-status] [3686] Resolved module firebase-functions {\"declared\":true,\"installed\":true,\"version\":\"3.16.0\",\"resolution\":\"/Users/antrix/Documents/Clones/amazon-clone/functions/node_modules/firebase-functions/lib/index.js\"}"}}
[debug] [2021-11-06T06:49:52.439Z] [runtime-status] [3686] Checked functions.config() {"config":{}} {"metadata":{"emulator":{"name":"functions"},"function":{"name":"us-central1-api"},"message":"[runtime-status] [3686] Checked functions.config() {\"config\":{}}"}}
[debug] [2021-11-06T06:49:52.439Z] [runtime-status] [3686] firebase-functions has been stubbed. {"functionsResolution":{"declared":true,"installed":true,"version":"3.16.0","resolution":"/Users/antrix/Documents/Clones/amazon-clone/functions/node_modules/firebase-functions/lib/index.js"}} {"metadata":{"emulator":{"name":"functions"},"function":{"name":"us-central1-api"},"message":"[runtime-status] [3686] firebase-functions has been stubbed. {\"functionsResolution\":{\"declared\":true,\"installed\":true,\"version\":\"3.16.0\",\"resolution\":\"/Users/antrix/Documents/Clones/amazon-clone/functions/node_modules/firebase-functions/lib/index.js\"}}"}}
[debug] [2021-11-06T06:49:52.440Z] [runtime-status] [3686] Resolved module firebase-functions {"declared":true,"installed":true,"version":"3.16.0","resolution":"/Users/antrix/Documents/Clones/amazon-clone/functions/node_modules/firebase-functions/lib/index.js"} {"metadata":{"emulator":{"name":"functions"},"function":{"name":"us-central1-api"},"message":"[runtime-status] [3686] Resolved module firebase-functions {\"declared\":true,\"installed\":true,\"version\":\"3.16.0\",\"resolution\":\"/Users/antrix/Documents/Clones/amazon-clone/functions/node_modules/firebase-functions/lib/index.js\"}"}}
[debug] [2021-11-06T06:49:52.440Z] [runtime-status] [3686] Resolved module firebase-admin {"declared":true,"installed":true,"version":"9.12.0","resolution":"/Users/antrix/Documents/Clones/amazon-clone/functions/node_modules/firebase-admin/lib/index.js"} {"metadata":{"emulator":{"name":"functions"},"function":{"name":"us-central1-api"},"message":"[runtime-status] [3686] Resolved module firebase-admin {\"declared\":true,\"installed\":true,\"version\":\"9.12.0\",\"resolution\":\"/Users/antrix/Documents/Clones/amazon-clone/functions/node_modules/firebase-admin/lib/index.js\"}"}}
[debug] [2021-11-06T06:49:52.441Z] [runtime-status] [3686] Resolved module firebase-functions {"declared":true,"installed":true,"version":"3.16.0","resolution":"/Users/antrix/Documents/Clones/amazon-clone/functions/node_modules/firebase-functions/lib/index.js"} {"metadata":{"emulator":{"name":"functions"},"function":{"name":"us-central1-api"},"message":"[runtime-status] [3686] Resolved module firebase-functions {\"declared\":true,\"installed\":true,\"version\":\"3.16.0\",\"resolution\":\"/Users/antrix/Documents/Clones/amazon-clone/functions/node_modules/firebase-functions/lib/index.js\"}"}}
[debug] [2021-11-06T06:49:52.441Z] [runtime-status] [3686] firebase-admin has been stubbed. {"adminResolution":{"declared":true,"installed":true,"version":"9.12.0","resolution":"/Users/antrix/Documents/Clones/amazon-clone/functions/node_modules/firebase-admin/lib/index.js"}} {"metadata":{"emulator":{"name":"functions"},"function":{"name":"us-central1-api"},"message":"[runtime-status] [3686] firebase-admin has been stubbed. {\"adminResolution\":{\"declared\":true,\"installed\":true,\"version\":\"9.12.0\",\"resolution\":\"/Users/antrix/Documents/Clones/amazon-clone/functions/node_modules/firebase-admin/lib/index.js\"}}"}}
[debug] [2021-11-06T06:49:52.568Z] [runtime-status] [3686] Trigger "us-central1-api" has been found, beginning invocation! {"metadata":{"emulator":{"name":"functions"},"function":{"name":"us-central1-api"},"message":"[runtime-status] [3686] Trigger \"us-central1-api\" has been found, beginning invocation!"}}
[info] i  functions: Beginning execution of "us-central1-api" {"metadata":{"emulator":{"name":"functions"},"function":{"name":"us-central1-api"},"message":"Beginning execution of \"us-central1-api\""}}
[debug] [2021-11-06T06:49:52.569Z] [runtime-status] [3686] triggerDefinition {"httpsTrigger":{},"name":"api","entryPoint":"api","regions":["us-central1"],"region":"us-central1","id":"us-central1-api"} {"metadata":{"emulator":{"name":"functions"},"function":{"name":"us-central1-api"},"message":"[runtime-status] [3686] triggerDefinition {\"httpsTrigger\":{},\"name\":\"api\",\"entryPoint\":\"api\",\"regions\":[\"us-central1\"],\"region\":\"us-central1\",\"id\":\"us-central1-api\"}"}}
[debug] [2021-11-06T06:49:52.569Z] [runtime-status] [3686] Running us-central1-api in signature http {"metadata":{"emulator":{"name":"functions"},"function":{"name":"us-central1-api"},"message":"[runtime-status] [3686] Running us-central1-api in signature http"}}
[debug] [2021-11-06T06:49:52.571Z] [runtime-status] [3686] Attempting to listen to socketPath: /var/folders/zt/gwmy73xn5jz8l9q2k7gmtjvr0000gn/T/fire_emu_3686.sock {"metadata":{"emulator":{"name":"functions"},"function":{"name":"us-central1-api"},"message":"[runtime-status] [3686] Attempting to listen to socketPath: /var/folders/zt/gwmy73xn5jz8l9q2k7gmtjvr0000gn/T/fire_emu_3686.sock"}}
[debug] [2021-11-06T06:49:52.574Z] [functions] Runtime ready! Sending request! {"metadata":{"emulator":{"name":"functions"},"message":"[functions] Runtime ready! Sending request!"}}
[debug] [2021-11-06T06:49:52.574Z] [functions] Got req.url=/clone-8a5ba/us-central1/api/payment/create?total=0, mapping to path=/payment/create?total=0 {"metadata":{"emulator":{"name":"functions"},"message":"[functions] Got req.url=/clone-8a5ba/us-central1/api/payment/create?total=0, mapping to path=/payment/create?total=0"}}
[debug] [2021-11-06T06:49:52.581Z] [runtime-status] [3686] Ephemeral server handling POST request {"metadata":{"emulator":{"name":"functions"},"function":{"name":"us-central1-api"},"message":"[runtime-status] [3686] Ephemeral server handling POST request"}}
[info] >  payment req received for amount >>  0 {"user":"payment req received for amount >>  0","metadata":{"emulator":{"name":"functions"},"function":{"name":"us-central1-api"},"message":"\u001b[90m> \u001b[39m payment req received for amount >>  0"}}
[debug] [2021-11-06T06:49:52.591Z] [runtime-status] [3686] Ephemeral server survived. {"metadata":{"emulator":{"name":"functions"},"function":{"name":"us-central1-api"},"message":"[runtime-status] [3686] Ephemeral server survived."}}
[info] >  (node:3686) UnhandledPromiseRejectionWarning: Error: This value must be greater than or equal to 1. {"user":"(node:3686) UnhandledPromiseRejectionWarning: Error: This value must be greater than or equal to 1.","metadata":{"emulator":{"name":"functions"},"function":{"name":"us-central1-api"},"message":"\u001b[90m> \u001b[39m (node:3686) UnhandledPromiseRejectionWarning: Error: This value must be greater than or equal to 1."}}
[info] >      at Function.generate (/Users/antrix/Documents/Clones/amazon-clone/functions/node_modules/stripe/lib/Error.js:40:16) {"user":"    at Function.generate (/Users/antrix/Documents/Clones/amazon-clone/functions/node_modules/stripe/lib/Error.js:40:16)","metadata":{"emulator":{"name":"functions"},"function":{"name":"us-central1-api"},"message":"\u001b[90m> \u001b[39m     at Function.generate (/Users/antrix/Documents/Clones/amazon-clone/functions/node_modules/stripe/lib/Error.js:40:16)"}}
[info] >      at res.toJSON.then.StripeAPIError.message (/Users/antrix/Documents/Clones/amazon-clone/functions/node_modules/stripe/lib/StripeResource.js:220:35) {"user":"    at res.toJSON.then.StripeAPIError.message (/Users/antrix/Documents/Clones/amazon-clone/functions/node_modules/stripe/lib/StripeResource.js:220:35)","metadata":{"emulator":{"name":"functions"},"function":{"name":"us-central1-api"},"message":"\u001b[90m> \u001b[39m     at res.toJSON.then.StripeAPIError.message (/Users/antrix/Documents/Clones/amazon-clone/functions/node_modules/stripe/lib/StripeResource.js:220:35)"}}
[info] >      at processTicksAndRejections (internal/process/task_queues.js:93:5) {"user":"    at processTicksAndRejections (internal/process/task_queues.js:93:5)","metadata":{"emulator":{"name":"functions"},"function":{"name":"us-central1-api"},"message":"\u001b[90m> \u001b[39m     at processTicksAndRejections (internal/process/task_queues.js:93:5)"}}
[info] >  (Use `node --trace-warnings ...` to show where the warning was created) {"user":"(Use `node --trace-warnings ...` to show where the warning was created)","metadata":{"emulator":{"name":"functions"},"function":{"name":"us-central1-api"},"message":"\u001b[90m> \u001b[39m (Use `node --trace-warnings ...` to show where the warning was created)"}}
[info] >  (node:3686) UnhandledPromiseRejectionWarning: Unhandled promise rejection. This error originated either by throwing inside of an async function without a catch block, or by rejecting a promise which was not handled with .catch(). To terminate the node process on unhandled promise rejection, use the CLI flag `--unhandled-rejections=strict` (see https://nodejs.org/api/cli.html#cli_unhandled_rejections_mode). (rejection id: 1) {"user":"(node:3686) UnhandledPromiseRejectionWarning: Unhandled promise rejection. This error originated either by throwing inside of an async function without a catch block, or by rejecting a promise which was not handled with .catch(). To terminate the node process on unhandled promise rejection, use the CLI flag `--unhandled-rejections=strict` (see https://nodejs.org/api/cli.html#cli_unhandled_rejections_mode). (rejection id: 1)","metadata":{"emulator":{"name":"functions"},"function":{"name":"us-central1-api"},"message":"\u001b[90m> \u001b[39m (node:3686) UnhandledPromiseRejectionWarning: Unhandled promise rejection. This error originated either by throwing inside of an async function without a catch block, or by rejecting a promise which was not handled with .catch(). To terminate the node process on unhandled promise rejection, use the CLI flag `--unhandled-rejections=strict` (see https://nodejs.org/api/cli.html#cli_unhandled_rejections_mode). (rejection id: 1)"}}
[info] >  (node:3686) [DEP0018] DeprecationWarning: Unhandled promise rejections are deprecated. In the future, promise rejections that are not handled will terminate the Node.js process with a non-zero exit code. {"user":"(node:3686) [DEP0018] DeprecationWarning: Unhandled promise rejections are deprecated. In the future, promise rejections that are not handled will terminate the Node.js process with a non-zero exit code.","metadata":{"emulator":{"name":"functions"},"function":{"name":"us-central1-api"},"message":"\u001b[90m> \u001b[39m (node:3686) [DEP0018] DeprecationWarning: Unhandled promise rejections are deprecated. In the future, promise rejections that are not handled will terminate the Node.js process with a non-zero exit code."}}
[warn] ⚠  functions: Your function timed out after ~60s. To configure this timeout, see
      https://firebase.google.com/docs/functions/manage-functions#set_timeout_and_memory_allocation. {"metadata":{"emulator":{"name":"functions"},"function":{"name":"us-central1-api"},"message":"Your function timed out after ~60s. To configure this timeout, see\n      https://firebase.google.com/docs/functions/manage-functions#set_timeout_and_memory_allocation."}}
[info] >  /usr/local/lib/node_modules/firebase-tools/lib/emulator/functionsEmulatorRuntime.js:604 {"user":"/usr/local/lib/node_modules/firebase-tools/lib/emulator/functionsEmulatorRuntime.js:604","metadata":{"emulator":{"name":"functions"},"function":{"name":"us-central1-api"},"message":"\u001b[90m> \u001b[39m /usr/local/lib/node_modules/firebase-tools/lib/emulator/functionsEmulatorRuntime.js:604"}}
[info] >              throw new Error("Function timed out."); {"user":"            throw new Error(\"Function timed out.\");","metadata":{"emulator":{"name":"functions"},"function":{"name":"us-central1-api"},"message":"\u001b[90m> \u001b[39m             throw new Error(\"Function timed out.\");"}}
[info] >              ^ {"user":"            ^","metadata":{"emulator":{"name":"functions"},"function":{"name":"us-central1-api"},"message":"\u001b[90m> \u001b[39m             ^"}}
[info] >   {"user":"","metadata":{"emulator":{"name":"functions"},"function":{"name":"us-central1-api"},"message":"\u001b[90m> \u001b[39m "}}
[info] >  Error: Function timed out. {"user":"Error: Function timed out.","metadata":{"emulator":{"name":"functions"},"function":{"name":"us-central1-api"},"message":"\u001b[90m> \u001b[39m Error: Function timed out."}}
[info] >      at Timeout._onTimeout (/usr/local/lib/node_modules/firebase-tools/lib/emulator/functionsEmulatorRuntime.js:604:19) {"user":"    at Timeout._onTimeout (/usr/local/lib/node_modules/firebase-tools/lib/emulator/functionsEmulatorRuntime.js:604:19)","metadata":{"emulator":{"name":"functions"},"function":{"name":"us-central1-api"},"message":"\u001b[90m> \u001b[39m     at Timeout._onTimeout (/usr/local/lib/node_modules/firebase-tools/lib/emulator/functionsEmulatorRuntime.js:604:19)"}}
[info] >      at listOnTimeout (internal/timers.js:554:17) {"user":"    at listOnTimeout (internal/timers.js:554:17)","metadata":{"emulator":{"name":"functions"},"function":{"name":"us-central1-api"},"message":"\u001b[90m> \u001b[39m     at listOnTimeout (internal/timers.js:554:17)"}}
[info] >      at processTimers (internal/timers.js:497:7) {"user":"    at processTimers (internal/timers.js:497:7)","metadata":{"emulator":{"name":"functions"},"function":{"name":"us-central1-api"},"message":"\u001b[90m> \u001b[39m     at processTimers (internal/timers.js:497:7)"}}
[debug] [2021-11-06T06:50:52.586Z] [worker-us-central1-api-5f2ab0c9-f590-41a9-82b4-c79c90439375]: exited {"metadata":{"emulator":{"name":"functions"},"message":"[worker-us-central1-api-5f2ab0c9-f590-41a9-82b4-c79c90439375]: exited"}}
[debug] [2021-11-06T06:50:52.586Z] [worker-us-central1-api-5f2ab0c9-f590-41a9-82b4-c79c90439375]: FINISHED {"metadata":{"emulator":{"name":"functions"},"message":"[worker-us-central1-api-5f2ab0c9-f590-41a9-82b4-c79c90439375]: FINISHED"}}
[debug] [2021-11-06T06:50:52.586Z] [work-queue] {"queueLength":0,"workRunningCount":0}
[debug] [2021-11-06T06:51:33.962Z] [work-queue] {"queueLength":1,"workRunningCount":0}
[debug] [2021-11-06T06:51:33.962Z] [work-queue] {"queueLength":0,"workRunningCount":1}
[debug] [2021-11-06T06:51:33.962Z] Accepted request POST /clone-8a5ba/us-central1/api/payment/create?total=68995 --> us-central1-api
[debug] [2021-11-06T06:51:33.962Z] [worker-pool] Cleaned up workers for us-central1-api: 1 --> 0 {"metadata":{"emulator":{"name":"functions"},"message":"[worker-pool] Cleaned up workers for us-central1-api: 1 --> 0"}}
[debug] [2021-11-06T06:51:33.967Z] [worker-pool] addWorker(us-central1-api) {"metadata":{"emulator":{"name":"functions"},"message":"[worker-pool] addWorker(us-central1-api)"}}
[debug] [2021-11-06T06:51:33.967Z] [worker-pool] Adding worker with key us-central1-api, total=1 {"metadata":{"emulator":{"name":"functions"},"message":"[worker-pool] Adding worker with key us-central1-api, total=1"}}
[debug] [2021-11-06T06:51:33.967Z] [worker-pool] submitWork(triggerId=us-central1-api) {"metadata":{"emulator":{"name":"functions"},"message":"[worker-pool] submitWork(triggerId=us-central1-api)"}}
[debug] [2021-11-06T06:51:33.967Z] [worker-us-central1-api-76004f91-b0c4-4e80-9eb3-8fecba166bb0]: Assigning socketPath: /var/folders/zt/gwmy73xn5jz8l9q2k7gmtjvr0000gn/T/fire_emu_3716.sock {"metadata":{"emulator":{"name":"functions"},"message":"[worker-us-central1-api-76004f91-b0c4-4e80-9eb3-8fecba166bb0]: Assigning socketPath: /var/folders/zt/gwmy73xn5jz8l9q2k7gmtjvr0000gn/T/fire_emu_3716.sock"}}
[debug] [2021-11-06T06:51:33.967Z] [worker-us-central1-api-76004f91-b0c4-4e80-9eb3-8fecba166bb0]: BUSY {"metadata":{"emulator":{"name":"functions"},"message":"[worker-us-central1-api-76004f91-b0c4-4e80-9eb3-8fecba166bb0]: BUSY"}}
[debug] [2021-11-06T06:51:34.173Z] [runtime-status] [3716] Functions runtime initialized. {"cwd":"/Users/antrix/Documents/Clones/amazon-clone/functions","node_version":"14.15.4"} {"metadata":{"emulator":{"name":"functions"},"function":{"name":"us-central1-api"},"message":"[runtime-status] [3716] Functions runtime initialized. {\"cwd\":\"/Users/antrix/Documents/Clones/amazon-clone/functions\",\"node_version\":\"14.15.4\"}"}}
[debug] [2021-11-06T06:51:34.174Z] [runtime-status] [3716] Disabled runtime features: undefined {"metadata":{"emulator":{"name":"functions"},"function":{"name":"us-central1-api"},"message":"[runtime-status] [3716] Disabled runtime features: undefined"}}
[debug] [2021-11-06T06:51:34.176Z] [runtime-status] [3716] Resolved module firebase-admin {"declared":true,"installed":true,"version":"9.12.0","resolution":"/Users/antrix/Documents/Clones/amazon-clone/functions/node_modules/firebase-admin/lib/index.js"} {"metadata":{"emulator":{"name":"functions"},"function":{"name":"us-central1-api"},"message":"[runtime-status] [3716] Resolved module firebase-admin {\"declared\":true,\"installed\":true,\"version\":\"9.12.0\",\"resolution\":\"/Users/antrix/Documents/Clones/amazon-clone/functions/node_modules/firebase-admin/lib/index.js\"}"}}
[debug] [2021-11-06T06:51:34.178Z] [runtime-status] [3716] Resolved module firebase-functions {"declared":true,"installed":true,"version":"3.16.0","resolution":"/Users/antrix/Documents/Clones/amazon-clone/functions/node_modules/firebase-functions/lib/index.js"} {"metadata":{"emulator":{"name":"functions"},"function":{"name":"us-central1-api"},"message":"[runtime-status] [3716] Resolved module firebase-functions {\"declared\":true,\"installed\":true,\"version\":\"3.16.0\",\"resolution\":\"/Users/antrix/Documents/Clones/amazon-clone/functions/node_modules/firebase-functions/lib/index.js\"}"}}
[debug] [2021-11-06T06:51:34.180Z] [runtime-status] [3716] Outgoing network have been stubbed. [{"name":"http","status":"mocked"},{"name":"http","status":"mocked"},{"name":"https","status":"mocked"},{"name":"https","status":"mocked"},{"name":"net","status":"mocked"}] {"metadata":{"emulator":{"name":"functions"},"function":{"name":"us-central1-api"},"message":"[runtime-status] [3716] Outgoing network have been stubbed. [{\"name\":\"http\",\"status\":\"mocked\"},{\"name\":\"http\",\"status\":\"mocked\"},{\"name\":\"https\",\"status\":\"mocked\"},{\"name\":\"https\",\"status\":\"mocked\"},{\"name\":\"net\",\"status\":\"mocked\"}]"}}
[debug] [2021-11-06T06:51:34.181Z] [runtime-status] [3716] Resolved module firebase-functions {"declared":true,"installed":true,"version":"3.16.0","resolution":"/Users/antrix/Documents/Clones/amazon-clone/functions/node_modules/firebase-functions/lib/index.js"} {"metadata":{"emulator":{"name":"functions"},"function":{"name":"us-central1-api"},"message":"[runtime-status] [3716] Resolved module firebase-functions {\"declared\":true,\"installed\":true,\"version\":\"3.16.0\",\"resolution\":\"/Users/antrix/Documents/Clones/amazon-clone/functions/node_modules/firebase-functions/lib/index.js\"}"}}
[debug] [2021-11-06T06:51:34.229Z] [runtime-status] [3716] Checked functions.config() {"config":{}} {"metadata":{"emulator":{"name":"functions"},"function":{"name":"us-central1-api"},"message":"[runtime-status] [3716] Checked functions.config() {\"config\":{}}"}}
[debug] [2021-11-06T06:51:34.230Z] [runtime-status] [3716] firebase-functions has been stubbed. {"functionsResolution":{"declared":true,"installed":true,"version":"3.16.0","resolution":"/Users/antrix/Documents/Clones/amazon-clone/functions/node_modules/firebase-functions/lib/index.js"}} {"metadata":{"emulator":{"name":"functions"},"function":{"name":"us-central1-api"},"message":"[runtime-status] [3716] firebase-functions has been stubbed. {\"functionsResolution\":{\"declared\":true,\"installed\":true,\"version\":\"3.16.0\",\"resolution\":\"/Users/antrix/Documents/Clones/amazon-clone/functions/node_modules/firebase-functions/lib/index.js\"}}"}}
[debug] [2021-11-06T06:51:34.230Z] [runtime-status] [3716] Resolved module firebase-functions {"declared":true,"installed":true,"version":"3.16.0","resolution":"/Users/antrix/Documents/Clones/amazon-clone/functions/node_modules/firebase-functions/lib/index.js"} {"metadata":{"emulator":{"name":"functions"},"function":{"name":"us-central1-api"},"message":"[runtime-status] [3716] Resolved module firebase-functions {\"declared\":true,\"installed\":true,\"version\":\"3.16.0\",\"resolution\":\"/Users/antrix/Documents/Clones/amazon-clone/functions/node_modules/firebase-functions/lib/index.js\"}"}}
[debug] [2021-11-06T06:51:34.231Z] [runtime-status] [3716] Resolved module firebase-admin {"declared":true,"installed":true,"version":"9.12.0","resolution":"/Users/antrix/Documents/Clones/amazon-clone/functions/node_modules/firebase-admin/lib/index.js"} {"metadata":{"emulator":{"name":"functions"},"function":{"name":"us-central1-api"},"message":"[runtime-status] [3716] Resolved module firebase-admin {\"declared\":true,\"installed\":true,\"version\":\"9.12.0\",\"resolution\":\"/Users/antrix/Documents/Clones/amazon-clone/functions/node_modules/firebase-admin/lib/index.js\"}"}}
[debug] [2021-11-06T06:51:34.231Z] [runtime-status] [3716] Resolved module firebase-functions {"declared":true,"installed":true,"version":"3.16.0","resolution":"/Users/antrix/Documents/Clones/amazon-clone/functions/node_modules/firebase-functions/lib/index.js"} {"metadata":{"emulator":{"name":"functions"},"function":{"name":"us-central1-api"},"message":"[runtime-status] [3716] Resolved module firebase-functions {\"declared\":true,\"installed\":true,\"version\":\"3.16.0\",\"resolution\":\"/Users/antrix/Documents/Clones/amazon-clone/functions/node_modules/firebase-functions/lib/index.js\"}"}}
[debug] [2021-11-06T06:51:34.231Z] [runtime-status] [3716] firebase-admin has been stubbed. {"adminResolution":{"declared":true,"installed":true,"version":"9.12.0","resolution":"/Users/antrix/Documents/Clones/amazon-clone/functions/node_modules/firebase-admin/lib/index.js"}} {"metadata":{"emulator":{"name":"functions"},"function":{"name":"us-central1-api"},"message":"[runtime-status] [3716] firebase-admin has been stubbed. {\"adminResolution\":{\"declared\":true,\"installed\":true,\"version\":\"9.12.0\",\"resolution\":\"/Users/antrix/Documents/Clones/amazon-clone/functions/node_modules/firebase-admin/lib/index.js\"}}"}}
[debug] [2021-11-06T06:51:34.362Z] [runtime-status] [3716] Trigger "us-central1-api" has been found, beginning invocation! {"metadata":{"emulator":{"name":"functions"},"function":{"name":"us-central1-api"},"message":"[runtime-status] [3716] Trigger \"us-central1-api\" has been found, beginning invocation!"}}
[info] i  functions: Beginning execution of "us-central1-api" {"metadata":{"emulator":{"name":"functions"},"function":{"name":"us-central1-api"},"message":"Beginning execution of \"us-central1-api\""}}
[debug] [2021-11-06T06:51:34.362Z] [runtime-status] [3716] triggerDefinition {"httpsTrigger":{},"name":"api","entryPoint":"api","regions":["us-central1"],"region":"us-central1","id":"us-central1-api"} {"metadata":{"emulator":{"name":"functions"},"function":{"name":"us-central1-api"},"message":"[runtime-status] [3716] triggerDefinition {\"httpsTrigger\":{},\"name\":\"api\",\"entryPoint\":\"api\",\"regions\":[\"us-central1\"],\"region\":\"us-central1\",\"id\":\"us-central1-api\"}"}}
[debug] [2021-11-06T06:51:34.362Z] [runtime-status] [3716] Running us-central1-api in signature http {"metadata":{"emulator":{"name":"functions"},"function":{"name":"us-central1-api"},"message":"[runtime-status] [3716] Running us-central1-api in signature http"}}
[debug] [2021-11-06T06:51:34.365Z] [runtime-status] [3716] Attempting to listen to socketPath: /var/folders/zt/gwmy73xn5jz8l9q2k7gmtjvr0000gn/T/fire_emu_3716.sock {"metadata":{"emulator":{"name":"functions"},"function":{"name":"us-central1-api"},"message":"[runtime-status] [3716] Attempting to listen to socketPath: /var/folders/zt/gwmy73xn5jz8l9q2k7gmtjvr0000gn/T/fire_emu_3716.sock"}}
[debug] [2021-11-06T06:51:34.367Z] [functions] Runtime ready! Sending request! {"metadata":{"emulator":{"name":"functions"},"message":"[functions] Runtime ready! Sending request!"}}
[debug] [2021-11-06T06:51:34.367Z] [functions] Got req.url=/clone-8a5ba/us-central1/api/payment/create?total=68995, mapping to path=/payment/create?total=68995 {"metadata":{"emulator":{"name":"functions"},"message":"[functions] Got req.url=/clone-8a5ba/us-central1/api/payment/create?total=68995, mapping to path=/payment/create?total=68995"}}
[debug] [2021-11-06T06:51:34.380Z] [runtime-status] [3716] Ephemeral server handling POST request {"metadata":{"emulator":{"name":"functions"},"function":{"name":"us-central1-api"},"message":"[runtime-status] [3716] Ephemeral server handling POST request"}}
[info] >  payment req received for amount >>  68995 {"user":"payment req received for amount >>  68995","metadata":{"emulator":{"name":"functions"},"function":{"name":"us-central1-api"},"message":"\u001b[90m> \u001b[39m payment req received for amount >>  68995"}}
[debug] [2021-11-06T06:51:34.393Z] [runtime-status] [3716] Ephemeral server survived. {"metadata":{"emulator":{"name":"functions"},"function":{"name":"us-central1-api"},"message":"[runtime-status] [3716] Ephemeral server survived."}}
[info] i  functions: Finished "us-central1-api" in ~1s {"metadata":{"emulator":{"name":"functions"},"function":{"name":"us-central1-api"},"message":"Finished \"us-central1-api\" in ~1s"}}
[debug] [2021-11-06T06:51:35.103Z] [worker-us-central1-api-76004f91-b0c4-4e80-9eb3-8fecba166bb0]: IDLE {"metadata":{"emulator":{"name":"functions"},"message":"[worker-us-central1-api-76004f91-b0c4-4e80-9eb3-8fecba166bb0]: IDLE"}}
[debug] [2021-11-06T06:51:35.103Z] [work-queue] {"queueLength":0,"workRunningCount":0}
[debug] [2021-11-06T06:52:00.667Z] [work-queue] {"queueLength":1,"workRunningCount":0}
[debug] [2021-11-06T06:52:00.667Z] [work-queue] {"queueLength":0,"workRunningCount":1}
[debug] [2021-11-06T06:52:00.667Z] Accepted request POST /clone-8a5ba/us-central1/api/payment/create?total=0 --> us-central1-api
[debug] [2021-11-06T06:52:00.668Z] [worker-pool] submitWork(triggerId=us-central1-api) {"metadata":{"emulator":{"name":"functions"},"message":"[worker-pool] submitWork(triggerId=us-central1-api)"}}
[debug] [2021-11-06T06:52:00.668Z] [worker-us-central1-api-76004f91-b0c4-4e80-9eb3-8fecba166bb0]: Assigning socketPath: /var/folders/zt/gwmy73xn5jz8l9q2k7gmtjvr0000gn/T/fire_emu_3716.sock {"metadata":{"emulator":{"name":"functions"},"message":"[worker-us-central1-api-76004f91-b0c4-4e80-9eb3-8fecba166bb0]: Assigning socketPath: /var/folders/zt/gwmy73xn5jz8l9q2k7gmtjvr0000gn/T/fire_emu_3716.sock"}}
[debug] [2021-11-06T06:52:00.668Z] [worker-us-central1-api-76004f91-b0c4-4e80-9eb3-8fecba166bb0]: BUSY {"metadata":{"emulator":{"name":"functions"},"message":"[worker-us-central1-api-76004f91-b0c4-4e80-9eb3-8fecba166bb0]: BUSY"}}
[debug] [2021-11-06T06:52:00.668Z] [runtime-status] [3716] Trigger "us-central1-api" has been found, beginning invocation! {"metadata":{"emulator":{"name":"functions"},"function":{"name":"us-central1-api"},"message":"[runtime-status] [3716] Trigger \"us-central1-api\" has been found, beginning invocation!"}}
[info] i  functions: Beginning execution of "us-central1-api" {"metadata":{"emulator":{"name":"functions"},"function":{"name":"us-central1-api"},"message":"Beginning execution of \"us-central1-api\""}}
[debug] [2021-11-06T06:52:00.669Z] [runtime-status] [3716] triggerDefinition {"httpsTrigger":{},"name":"api","entryPoint":"api","regions":["us-central1"],"region":"us-central1","id":"us-central1-api"} {"metadata":{"emulator":{"name":"functions"},"function":{"name":"us-central1-api"},"message":"[runtime-status] [3716] triggerDefinition {\"httpsTrigger\":{},\"name\":\"api\",\"entryPoint\":\"api\",\"regions\":[\"us-central1\"],\"region\":\"us-central1\",\"id\":\"us-central1-api\"}"}}
[debug] [2021-11-06T06:52:00.669Z] [runtime-status] [3716] Running us-central1-api in signature http {"metadata":{"emulator":{"name":"functions"},"function":{"name":"us-central1-api"},"message":"[runtime-status] [3716] Running us-central1-api in signature http"}}
[debug] [2021-11-06T06:52:00.669Z] [runtime-status] [3716] Attempting to listen to socketPath: /var/folders/zt/gwmy73xn5jz8l9q2k7gmtjvr0000gn/T/fire_emu_3716.sock {"metadata":{"emulator":{"name":"functions"},"function":{"name":"us-central1-api"},"message":"[runtime-status] [3716] Attempting to listen to socketPath: /var/folders/zt/gwmy73xn5jz8l9q2k7gmtjvr0000gn/T/fire_emu_3716.sock"}}
[debug] [2021-11-06T06:52:00.670Z] [functions] Runtime ready! Sending request! {"metadata":{"emulator":{"name":"functions"},"message":"[functions] Runtime ready! Sending request!"}}
[debug] [2021-11-06T06:52:00.671Z] [functions] Got req.url=/clone-8a5ba/us-central1/api/payment/create?total=0, mapping to path=/payment/create?total=0 {"metadata":{"emulator":{"name":"functions"},"message":"[functions] Got req.url=/clone-8a5ba/us-central1/api/payment/create?total=0, mapping to path=/payment/create?total=0"}}
[debug] [2021-11-06T06:52:00.676Z] [runtime-status] [3716] Ephemeral server handling POST request {"metadata":{"emulator":{"name":"functions"},"function":{"name":"us-central1-api"},"message":"[runtime-status] [3716] Ephemeral server handling POST request"}}
[debug] [2021-11-06T06:52:00.676Z] [runtime-status] [3716] Ephemeral server survived. {"metadata":{"emulator":{"name":"functions"},"function":{"name":"us-central1-api"},"message":"[runtime-status] [3716] Ephemeral server survived."}}
[info] >  payment req received for amount >>  0 {"user":"payment req received for amount >>  0","metadata":{"emulator":{"name":"functions"},"function":{"name":"us-central1-api"},"message":"\u001b[90m> \u001b[39m payment req received for amount >>  0"}}
[info] >  (node:3716) UnhandledPromiseRejectionWarning: Error: This value must be greater than or equal to 1. {"user":"(node:3716) UnhandledPromiseRejectionWarning: Error: This value must be greater than or equal to 1.","metadata":{"emulator":{"name":"functions"},"function":{"name":"us-central1-api"},"message":"\u001b[90m> \u001b[39m (node:3716) UnhandledPromiseRejectionWarning: Error: This value must be greater than or equal to 1."}}
[info] >      at Function.generate (/Users/antrix/Documents/Clones/amazon-clone/functions/node_modules/stripe/lib/Error.js:40:16) {"user":"    at Function.generate (/Users/antrix/Documents/Clones/amazon-clone/functions/node_modules/stripe/lib/Error.js:40:16)","metadata":{"emulator":{"name":"functions"},"function":{"name":"us-central1-api"},"message":"\u001b[90m> \u001b[39m     at Function.generate (/Users/antrix/Documents/Clones/amazon-clone/functions/node_modules/stripe/lib/Error.js:40:16)"}}
[info] >      at res.toJSON.then.StripeAPIError.message (/Users/antrix/Documents/Clones/amazon-clone/functions/node_modules/stripe/lib/StripeResource.js:220:35) {"user":"    at res.toJSON.then.StripeAPIError.message (/Users/antrix/Documents/Clones/amazon-clone/functions/node_modules/stripe/lib/StripeResource.js:220:35)","metadata":{"emulator":{"name":"functions"},"function":{"name":"us-central1-api"},"message":"\u001b[90m> \u001b[39m     at res.toJSON.then.StripeAPIError.message (/Users/antrix/Documents/Clones/amazon-clone/functions/node_modules/stripe/lib/StripeResource.js:220:35)"}}
[info] >      at processTicksAndRejections (internal/process/task_queues.js:93:5) {"user":"    at processTicksAndRejections (internal/process/task_queues.js:93:5)","metadata":{"emulator":{"name":"functions"},"function":{"name":"us-central1-api"},"message":"\u001b[90m> \u001b[39m     at processTicksAndRejections (internal/process/task_queues.js:93:5)"}}
[info] >  (Use `node --trace-warnings ...` to show where the warning was created) {"user":"(Use `node --trace-warnings ...` to show where the warning was created)","metadata":{"emulator":{"name":"functions"},"function":{"name":"us-central1-api"},"message":"\u001b[90m> \u001b[39m (Use `node --trace-warnings ...` to show where the warning was created)"}}
[info] >  (node:3716) UnhandledPromiseRejectionWarning: Unhandled promise rejection. This error originated either by throwing inside of an async function without a catch block, or by rejecting a promise which was not handled with .catch(). To terminate the node process on unhandled promise rejection, use the CLI flag `--unhandled-rejections=strict` (see https://nodejs.org/api/cli.html#cli_unhandled_rejections_mode). (rejection id: 1) {"user":"(node:3716) UnhandledPromiseRejectionWarning: Unhandled promise rejection. This error originated either by throwing inside of an async function without a catch block, or by rejecting a promise which was not handled with .catch(). To terminate the node process on unhandled promise rejection, use the CLI flag `--unhandled-rejections=strict` (see https://nodejs.org/api/cli.html#cli_unhandled_rejections_mode). (rejection id: 1)","metadata":{"emulator":{"name":"functions"},"function":{"name":"us-central1-api"},"message":"\u001b[90m> \u001b[39m (node:3716) UnhandledPromiseRejectionWarning: Unhandled promise rejection. This error originated either by throwing inside of an async function without a catch block, or by rejecting a promise which was not handled with .catch(). To terminate the node process on unhandled promise rejection, use the CLI flag `--unhandled-rejections=strict` (see https://nodejs.org/api/cli.html#cli_unhandled_rejections_mode). (rejection id: 1)"}}
[info] >  (node:3716) [DEP0018] DeprecationWarning: Unhandled promise rejections are deprecated. In the future, promise rejections that are not handled will terminate the Node.js process with a non-zero exit code. {"user":"(node:3716) [DEP0018] DeprecationWarning: Unhandled promise rejections are deprecated. In the future, promise rejections that are not handled will terminate the Node.js process with a non-zero exit code.","metadata":{"emulator":{"name":"functions"},"function":{"name":"us-central1-api"},"message":"\u001b[90m> \u001b[39m (node:3716) [DEP0018] DeprecationWarning: Unhandled promise rejections are deprecated. In the future, promise rejections that are not handled will terminate the Node.js process with a non-zero exit code."}}
[warn] ⚠  functions: Your function timed out after ~60s. To configure this timeout, see
      https://firebase.google.com/docs/functions/manage-functions#set_timeout_and_memory_allocation. {"metadata":{"emulator":{"name":"functions"},"function":{"name":"us-central1-api"},"message":"Your function timed out after ~60s. To configure this timeout, see\n      https://firebase.google.com/docs/functions/manage-functions#set_timeout_and_memory_allocation."}}
[info] >  /usr/local/lib/node_modules/firebase-tools/lib/emulator/functionsEmulatorRuntime.js:604 {"user":"/usr/local/lib/node_modules/firebase-tools/lib/emulator/functionsEmulatorRuntime.js:604","metadata":{"emulator":{"name":"functions"},"function":{"name":"us-central1-api"},"message":"\u001b[90m> \u001b[39m /usr/local/lib/node_modules/firebase-tools/lib/emulator/functionsEmulatorRuntime.js:604"}}
[info] >              throw new Error("Function timed out."); {"user":"            throw new Error(\"Function timed out.\");","metadata":{"emulator":{"name":"functions"},"function":{"name":"us-central1-api"},"message":"\u001b[90m> \u001b[39m             throw new Error(\"Function timed out.\");"}}
[info] >              ^ {"user":"            ^","metadata":{"emulator":{"name":"functions"},"function":{"name":"us-central1-api"},"message":"\u001b[90m> \u001b[39m             ^"}}
[info] >   {"user":"","metadata":{"emulator":{"name":"functions"},"function":{"name":"us-central1-api"},"message":"\u001b[90m> \u001b[39m "}}
[info] >  Error: Function timed out. {"user":"Error: Function timed out.","metadata":{"emulator":{"name":"functions"},"function":{"name":"us-central1-api"},"message":"\u001b[90m> \u001b[39m Error: Function timed out."}}
[info] >      at Timeout._onTimeout (/usr/local/lib/node_modules/firebase-tools/lib/emulator/functionsEmulatorRuntime.js:604:19) {"user":"    at Timeout._onTimeout (/usr/local/lib/node_modules/firebase-tools/lib/emulator/functionsEmulatorRuntime.js:604:19)","metadata":{"emulator":{"name":"functions"},"function":{"name":"us-central1-api"},"message":"\u001b[90m> \u001b[39m     at Timeout._onTimeout (/usr/local/lib/node_modules/firebase-tools/lib/emulator/functionsEmulatorRuntime.js:604:19)"}}
[info] >      at listOnTimeout (internal/timers.js:554:17) {"user":"    at listOnTimeout (internal/timers.js:554:17)","metadata":{"emulator":{"name":"functions"},"function":{"name":"us-central1-api"},"message":"\u001b[90m> \u001b[39m     at listOnTimeout (internal/timers.js:554:17)"}}
[info] >      at processTimers (internal/timers.js:497:7) {"user":"    at processTimers (internal/timers.js:497:7)","metadata":{"emulator":{"name":"functions"},"function":{"name":"us-central1-api"},"message":"\u001b[90m> \u001b[39m     at processTimers (internal/timers.js:497:7)"}}
[debug] [2021-11-06T06:53:00.681Z] [worker-us-central1-api-76004f91-b0c4-4e80-9eb3-8fecba166bb0]: exited {"metadata":{"emulator":{"name":"functions"},"message":"[worker-us-central1-api-76004f91-b0c4-4e80-9eb3-8fecba166bb0]: exited"}}
[debug] [2021-11-06T06:53:00.682Z] [worker-us-central1-api-76004f91-b0c4-4e80-9eb3-8fecba166bb0]: FINISHED {"metadata":{"emulator":{"name":"functions"},"message":"[worker-us-central1-api-76004f91-b0c4-4e80-9eb3-8fecba166bb0]: FINISHED"}}
[debug] [2021-11-06T06:53:00.682Z] [work-queue] {"queueLength":0,"workRunningCount":0}
